[0.194s] Invoking command in '/home/tf1/build/my_robot_description': CMAKE_PREFIX_PATH=${CMAKE_PREFIX_PATH}:/opt/ros/humble /usr/bin/cmake --build /home/tf1/build/my_robot_description -- -j8 -l8
[1.052s] Invoked command in '/home/tf1/build/my_robot_description' returned '0': CMAKE_PREFIX_PATH=${CMAKE_PREFIX_PATH}:/opt/ros/humble /usr/bin/cmake --build /home/tf1/build/my_robot_description -- -j8 -l8
[1.481s] Invoking command in '/home/tf1/build/my_robot_description': CMAKE_PREFIX_PATH=${CMAKE_PREFIX_PATH}:/opt/ros/humble /usr/bin/cmake --install /home/tf1/build/my_robot_description
[1.643s] -- Install configuration: ""
[1.660s] -- Up-to-date: /home/tf1/install/my_robot_description/share/my_robot_description//urdf
[1.708s] -- Installing: /home/tf1/install/my_robot_description/share/my_robot_description//urdf/my_robot.urdf.xacro
[1.836s] -- Up-to-date: /home/tf1/install/my_robot_description/share/my_robot_description//launch
[1.898s] -- Installing: /home/tf1/install/my_robot_description/share/my_robot_description//launch/display.launch.py
[2.035s] -- Installing: /home/tf1/install/my_robot_description/share/my_robot_description//launch/display.launch.xml
[2.185s] -- Up-to-date: /home/tf1/install/my_robot_description/share/my_robot_description//rviz
[2.234s] -- Up-to-date: /home/tf1/install/my_robot_description/share/my_robot_description//rviz/configuration.rviz
[2.282s] -- Up-to-date: /home/tf1/install/my_robot_description/share/ament_index/resource_index/package_run_dependencies/my_robot_description
[2.341s] -- Up-to-date: /home/tf1/install/my_robot_description/share/ament_index/resource_index/parent_prefix_path/my_robot_description
[2.377s] -- Up-to-date: /home/tf1/install/my_robot_description/share/my_robot_description/environment/ament_prefix_path.sh
[2.420s] -- Up-to-date: /home/tf1/install/my_robot_description/share/my_robot_description/environment/ament_prefix_path.dsv
[2.454s] -- Up-to-date: /home/tf1/install/my_robot_description/share/my_robot_description/environment/path.sh
[2.496s] -- Up-to-date: /home/tf1/install/my_robot_description/share/my_robot_description/environment/path.dsv
[2.530s] -- Up-to-date: /home/tf1/install/my_robot_description/share/my_robot_description/local_setup.bash
[2.569s] -- Up-to-date: /home/tf1/install/my_robot_description/share/my_robot_description/local_setup.sh
[2.607s] -- Up-to-date: /home/tf1/install/my_robot_description/share/my_robot_description/local_setup.zsh
[2.641s] -- Up-to-date: /home/tf1/install/my_robot_description/share/my_robot_description/local_setup.dsv
[2.676s] -- Installing: /home/tf1/install/my_robot_description/share/my_robot_description/package.dsv
[2.813s] -- Up-to-date: /home/tf1/install/my_robot_description/share/ament_index/resource_index/packages/my_robot_description
[2.860s] -- Up-to-date: /home/tf1/install/my_robot_description/share/my_robot_description/cmake/my_robot_descriptionConfig.cmake
[2.895s] -- Up-to-date: /home/tf1/install/my_robot_description/share/my_robot_description/cmake/my_robot_descriptionConfig-version.cmake
[2.941s] -- Up-to-date: /home/tf1/install/my_robot_description/share/my_robot_description/package.xml
[2.962s] Invoked command in '/home/tf1/build/my_robot_description' returned '0': CMAKE_PREFIX_PATH=${CMAKE_PREFIX_PATH}:/opt/ros/humble /usr/bin/cmake --install /home/tf1/build/my_robot_description
