[0.764s] DEBUG:colcon:Command line arguments: ['/usr/bin/colcon', 'list', '-p', '--base-paths', '/home/tf1']
[0.765s] DEBUG:colcon:Parsed command line arguments: Namespace(log_base=None, log_level=None, verb_name='list', build_base='build', ignore_user_meta=False, metas=['./colcon.meta'], base_paths=['/home/tf1'], packages_ignore=None, packages_ignore_regex=None, paths=None, packages_up_to=None, packages_up_to_regex=None, packages_above=None, packages_above_and_dependencies=None, packages_above_depth=None, packages_select_by_dep=None, packages_skip_by_dep=None, packages_skip_up_to=None, packages_select_build_failed=False, packages_skip_build_finished=False, packages_select_test_failures=False, packages_skip_test_passed=False, packages_select=None, packages_skip=None, packages_select_regex=None, packages_skip_regex=None, packages_start=None, packages_end=None, topological_order=False, names_only=False, paths_only=True, topological_graph=False, topological_graph_dot=False, topological_graph_density=False, topological_graph_legend=False, topological_graph_dot_cluster=False, topological_graph_dot_include_skipped=False, mixin_files=None, mixin=None, verb_parser=<colcon_mixin.mixin.mixin_argument.MixinArgumentDecorator object at 0x7fa015d64ac0>, verb_extension=<colcon_package_information.verb.list.ListVerb object at 0x7fa015f2bf40>, main=<bound method ListVerb.main of <colcon_package_information.verb.list.ListVerb object at 0x7fa015f2bf40>>, mixin_verb=('list',))
[1.442s] Level 1:colcon.colcon_core.package_discovery:discover_packages(colcon_meta) check parameters
[1.445s] Level 1:colcon.colcon_core.package_discovery:discover_packages(recursive) check parameters
[1.446s] Level 1:colcon.colcon_core.package_discovery:discover_packages(ignore) check parameters
[1.450s] Level 1:colcon.colcon_core.package_discovery:discover_packages(path) check parameters
[1.451s] Level 1:colcon.colcon_core.package_discovery:discover_packages(recursive) discover
[1.458s] INFO:colcon.colcon_core.package_discovery:Crawling recursively for packages in '/home/tf1'
[1.462s] Level 1:colcon.colcon_core.package_identification:_identify(/home/tf1) by extensions ['ignore', 'ignore_ament_install']
[1.462s] Level 1:colcon.colcon_core.package_identification:_identify(/home/tf1) by extension 'ignore'
[1.463s] Level 1:colcon.colcon_core.package_identification:_identify(/home/tf1) by extension 'ignore_ament_install'
[1.465s] Level 1:colcon.colcon_core.package_identification:_identify(/home/tf1) by extensions ['colcon_pkg']
[1.470s] Level 1:colcon.colcon_core.package_identification:_identify(/home/tf1) by extension 'colcon_pkg'
[1.473s] Level 1:colcon.colcon_core.package_identification:_identify(/home/tf1) by extensions ['colcon_meta']
[1.474s] Level 1:colcon.colcon_core.package_identification:_identify(/home/tf1) by extension 'colcon_meta'
[1.474s] Level 1:colcon.colcon_core.package_identification:_identify(/home/tf1) by extensions ['ros']
[1.475s] Level 1:colcon.colcon_core.package_identification:_identify(/home/tf1) by extension 'ros'
[1.508s] Level 1:colcon.colcon_core.package_identification:_identify(/home/tf1) by extensions ['cmake', 'python']
[1.509s] Level 1:colcon.colcon_core.package_identification:_identify(/home/tf1) by extension 'cmake'
[1.509s] Level 1:colcon.colcon_core.package_identification:_identify(/home/tf1) by extension 'python'
[1.511s] Level 1:colcon.colcon_core.package_identification:_identify(/home/tf1) by extensions ['python_setup_py']
[1.511s] Level 1:colcon.colcon_core.package_identification:_identify(/home/tf1) by extension 'python_setup_py'
[1.523s] Level 1:colcon.colcon_core.package_identification:_identify(/home/tf1/build) by extensions ['ignore', 'ignore_ament_install']
[1.524s] Level 1:colcon.colcon_core.package_identification:_identify(/home/tf1/build) by extension 'ignore'
[1.528s] Level 1:colcon.colcon_core.package_identification:_identify(/home/tf1/build) ignored
[1.534s] Level 1:colcon.colcon_core.package_identification:_identify(/home/tf1/install) by extensions ['ignore', 'ignore_ament_install']
[1.535s] Level 1:colcon.colcon_core.package_identification:_identify(/home/tf1/install) by extension 'ignore'
[1.547s] Level 1:colcon.colcon_core.package_identification:_identify(/home/tf1/install) ignored
[1.564s] Level 1:colcon.colcon_core.package_identification:_identify(/home/tf1/log) by extensions ['ignore', 'ignore_ament_install']
[1.565s] Level 1:colcon.colcon_core.package_identification:_identify(/home/tf1/log) by extension 'ignore'
[1.573s] Level 1:colcon.colcon_core.package_identification:_identify(/home/tf1/log) ignored
[1.581s] Level 1:colcon.colcon_core.package_identification:_identify(/home/tf1/src) by extensions ['ignore', 'ignore_ament_install']
[1.582s] Level 1:colcon.colcon_core.package_identification:_identify(/home/tf1/src) by extension 'ignore'
[1.585s] Level 1:colcon.colcon_core.package_identification:_identify(/home/tf1/src) by extension 'ignore_ament_install'
[1.589s] Level 1:colcon.colcon_core.package_identification:_identify(/home/tf1/src) by extensions ['colcon_pkg']
[1.589s] Level 1:colcon.colcon_core.package_identification:_identify(/home/tf1/src) by extension 'colcon_pkg'
[1.593s] Level 1:colcon.colcon_core.package_identification:_identify(/home/tf1/src) by extensions ['colcon_meta']
[1.594s] Level 1:colcon.colcon_core.package_identification:_identify(/home/tf1/src) by extension 'colcon_meta'
[1.596s] Level 1:colcon.colcon_core.package_identification:_identify(/home/tf1/src) by extensions ['ros']
[1.597s] Level 1:colcon.colcon_core.package_identification:_identify(/home/tf1/src) by extension 'ros'
[1.610s] Level 1:colcon.colcon_core.package_identification:_identify(/home/tf1/src) by extensions ['cmake', 'python']
[1.611s] Level 1:colcon.colcon_core.package_identification:_identify(/home/tf1/src) by extension 'cmake'
[1.612s] Level 1:colcon.colcon_core.package_identification:_identify(/home/tf1/src) by extension 'python'
[1.615s] Level 1:colcon.colcon_core.package_identification:_identify(/home/tf1/src) by extensions ['python_setup_py']
[1.616s] Level 1:colcon.colcon_core.package_identification:_identify(/home/tf1/src) by extension 'python_setup_py'
[1.630s] Level 1:colcon.colcon_core.package_identification:_identify(/home/tf1/src/my_robot_description) by extensions ['ignore', 'ignore_ament_install']
[1.631s] Level 1:colcon.colcon_core.package_identification:_identify(/home/tf1/src/my_robot_description) by extension 'ignore'
[1.633s] Level 1:colcon.colcon_core.package_identification:_identify(/home/tf1/src/my_robot_description) by extension 'ignore_ament_install'
[1.638s] Level 1:colcon.colcon_core.package_identification:_identify(/home/tf1/src/my_robot_description) by extensions ['colcon_pkg']
[1.639s] Level 1:colcon.colcon_core.package_identification:_identify(/home/tf1/src/my_robot_description) by extension 'colcon_pkg'
[1.647s] Level 1:colcon.colcon_core.package_identification:_identify(/home/tf1/src/my_robot_description) by extensions ['colcon_meta']
[1.648s] Level 1:colcon.colcon_core.package_identification:_identify(/home/tf1/src/my_robot_description) by extension 'colcon_meta'
[1.657s] Level 1:colcon.colcon_core.package_identification:_identify(/home/tf1/src/my_robot_description) by extensions ['ros']
[1.658s] Level 1:colcon.colcon_core.package_identification:_identify(/home/tf1/src/my_robot_description) by extension 'ros'
[1.718s] DEBUG:colcon.colcon_core.package_identification:Package '/home/tf1/src/my_robot_description' with type 'ros.ament_cmake' and name 'my_robot_description'
[1.719s] Level 1:colcon.colcon_core.package_discovery:discover_packages(recursive) using defaults
