[0.207s] Invoking command in '/home/tf1/build/my_robot_description': CMAKE_PREFIX_PATH=${CMAKE_PREFIX_PATH}:/opt/ros/humble /usr/bin/cmake --build /home/tf1/build/my_robot_description -- -j8 -l8
[0.858s] -- Found ament_cmake: 1.3.10 (/opt/ros/humble/share/ament_cmake/cmake)
[2.059s] -- Configuring done
[2.575s] -- Generating done
[2.695s] -- Build files have been written to: /home/tf1/build/my_robot_description
[3.033s] Invoked command in '/home/tf1/build/my_robot_description' returned '0': CMAKE_PREFIX_PATH=${CMAKE_PREFIX_PATH}:/opt/ros/humble /usr/bin/cmake --build /home/tf1/build/my_robot_description -- -j8 -l8
[3.430s] Invoking command in '/home/tf1/build/my_robot_description': CMAKE_PREFIX_PATH=${CMAKE_PREFIX_PATH}:/opt/ros/humble /usr/bin/cmake --install /home/tf1/build/my_robot_description
[3.585s] -- Install configuration: ""
[3.605s] -- Up-to-date: /home/tf1/install/my_robot_description/share/my_robot_description//urdf
[3.658s] -- Up-to-date: /home/tf1/install/my_robot_description/share/my_robot_description//urdf/my_robot.urdf
[3.689s] -- Up-to-date: /home/tf1/install/my_robot_description/share/my_robot_description//launch
[3.742s] -- Up-to-date: /home/tf1/install/my_robot_description/share/my_robot_description//launch/display.launch.py
[3.785s] -- Installing: /home/tf1/install/my_robot_description/share/my_robot_description//launch/display.launch.xml
[3.912s] -- Installing: /home/tf1/install/my_robot_description/share/my_robot_description//rviz
[3.974s] -- Installing: /home/tf1/install/my_robot_description/share/my_robot_description//rviz/configuration.rviz
[4.143s] -- Up-to-date: /home/tf1/install/my_robot_description/share/ament_index/resource_index/package_run_dependencies/my_robot_description
[4.204s] -- Up-to-date: /home/tf1/install/my_robot_description/share/ament_index/resource_index/parent_prefix_path/my_robot_description
[4.238s] -- Up-to-date: /home/tf1/install/my_robot_description/share/my_robot_description/environment/ament_prefix_path.sh
[4.278s] -- Installing: /home/tf1/install/my_robot_description/share/my_robot_description/environment/ament_prefix_path.dsv
[4.407s] -- Up-to-date: /home/tf1/install/my_robot_description/share/my_robot_description/environment/path.sh
[4.447s] -- Installing: /home/tf1/install/my_robot_description/share/my_robot_description/environment/path.dsv
[4.569s] -- Up-to-date: /home/tf1/install/my_robot_description/share/my_robot_description/local_setup.bash
[4.601s] -- Up-to-date: /home/tf1/install/my_robot_description/share/my_robot_description/local_setup.sh
[4.631s] -- Up-to-date: /home/tf1/install/my_robot_description/share/my_robot_description/local_setup.zsh
[4.660s] -- Installing: /home/tf1/install/my_robot_description/share/my_robot_description/local_setup.dsv
[4.774s] -- Installing: /home/tf1/install/my_robot_description/share/my_robot_description/package.dsv
[4.912s] -- Up-to-date: /home/tf1/install/my_robot_description/share/ament_index/resource_index/packages/my_robot_description
[4.953s] -- Up-to-date: /home/tf1/install/my_robot_description/share/my_robot_description/cmake/my_robot_descriptionConfig.cmake
[4.986s] -- Up-to-date: /home/tf1/install/my_robot_description/share/my_robot_description/cmake/my_robot_descriptionConfig-version.cmake
[5.032s] -- Up-to-date: /home/tf1/install/my_robot_description/share/my_robot_description/package.xml
[5.052s] Invoked command in '/home/tf1/build/my_robot_description' returned '0': CMAKE_PREFIX_PATH=${CMAKE_PREFIX_PATH}:/opt/ros/humble /usr/bin/cmake --install /home/tf1/build/my_robot_description
