[0.310s] DEBUG:colcon:Command line arguments: ['/usr/bin/colcon', 'build', '--symlink-install']
[0.311s] DEBUG:colcon:Parsed command line arguments: Namespace(log_base=None, log_level=None, verb_name='build', build_base='build', install_base='install', merge_install=False, symlink_install=True, test_result_base=None, continue_on_error=False, executor='parallel', parallel_workers=8, event_handlers=None, ignore_user_meta=False, metas=['./colcon.meta'], base_paths=['.'], packages_ignore=None, packages_ignore_regex=None, paths=None, packages_up_to=None, packages_up_to_regex=None, packages_above=None, packages_above_and_dependencies=None, packages_above_depth=None, packages_select_by_dep=None, packages_skip_by_dep=None, packages_skip_up_to=None, packages_select_build_failed=False, packages_skip_build_finished=False, packages_select_test_failures=False, packages_skip_test_passed=False, packages_select=None, packages_skip=None, packages_select_regex=None, packages_skip_regex=None, packages_start=None, packages_end=None, cmake_args=None, cmake_target=None, cmake_target_skip_unavailable=False, cmake_clean_cache=False, cmake_clean_first=False, cmake_force_configure=False, ament_cmake_args=None, catkin_cmake_args=None, catkin_skip_building_tests=False, mixin_files=None, mixin=None, verb_parser=<colcon_mixin.mixin.mixin_argument.MixinArgumentDecorator object at 0x7ffac3a7ca30>, verb_extension=<colcon_core.verb.build.BuildVerb object at 0x7ffac3a7c580>, main=<bound method BuildVerb.main of <colcon_core.verb.build.BuildVerb object at 0x7ffac3a7c580>>, mixin_verb=('build',))
[0.509s] Level 1:colcon.colcon_core.package_discovery:discover_packages(colcon_meta) check parameters
[0.510s] Level 1:colcon.colcon_core.package_discovery:discover_packages(recursive) check parameters
[0.510s] Level 1:colcon.colcon_core.package_discovery:discover_packages(ignore) check parameters
[0.511s] Level 1:colcon.colcon_core.package_discovery:discover_packages(path) check parameters
[0.511s] Level 1:colcon.colcon_core.package_discovery:discover_packages(colcon_meta) discover
[0.511s] Level 1:colcon.colcon_core.package_discovery:discover_packages(recursive) discover
[0.512s] INFO:colcon.colcon_core.package_discovery:Crawling recursively for packages in '/home/tf1'
[0.515s] Level 1:colcon.colcon_core.package_identification:_identify(.) by extensions ['ignore', 'ignore_ament_install']
[0.515s] Level 1:colcon.colcon_core.package_identification:_identify(.) by extension 'ignore'
[0.516s] Level 1:colcon.colcon_core.package_identification:_identify(.) by extension 'ignore_ament_install'
[0.517s] Level 1:colcon.colcon_core.package_identification:_identify(.) by extensions ['colcon_pkg']
[0.518s] Level 1:colcon.colcon_core.package_identification:_identify(.) by extension 'colcon_pkg'
[0.518s] Level 1:colcon.colcon_core.package_identification:_identify(.) by extensions ['colcon_meta']
[0.519s] Level 1:colcon.colcon_core.package_identification:_identify(.) by extension 'colcon_meta'
[0.519s] Level 1:colcon.colcon_core.package_identification:_identify(.) by extensions ['ros']
[0.520s] Level 1:colcon.colcon_core.package_identification:_identify(.) by extension 'ros'
[0.535s] Level 1:colcon.colcon_core.package_identification:_identify(.) by extensions ['cmake', 'python']
[0.536s] Level 1:colcon.colcon_core.package_identification:_identify(.) by extension 'cmake'
[0.536s] Level 1:colcon.colcon_core.package_identification:_identify(.) by extension 'python'
[0.537s] Level 1:colcon.colcon_core.package_identification:_identify(.) by extensions ['python_setup_py']
[0.537s] Level 1:colcon.colcon_core.package_identification:_identify(.) by extension 'python_setup_py'
[0.542s] Level 1:colcon.colcon_core.package_identification:_identify(build) by extensions ['ignore', 'ignore_ament_install']
[0.543s] Level 1:colcon.colcon_core.package_identification:_identify(build) by extension 'ignore'
[0.545s] Level 1:colcon.colcon_core.package_identification:_identify(build) ignored
[0.549s] Level 1:colcon.colcon_core.package_identification:_identify(install) by extensions ['ignore', 'ignore_ament_install']
[0.549s] Level 1:colcon.colcon_core.package_identification:_identify(install) by extension 'ignore'
[0.551s] Level 1:colcon.colcon_core.package_identification:_identify(install) ignored
[0.559s] Level 1:colcon.colcon_core.package_identification:_identify(log) by extensions ['ignore', 'ignore_ament_install']
[0.560s] Level 1:colcon.colcon_core.package_identification:_identify(log) by extension 'ignore'
[0.561s] Level 1:colcon.colcon_core.package_identification:_identify(log) ignored
[0.565s] Level 1:colcon.colcon_core.package_identification:_identify(src) by extensions ['ignore', 'ignore_ament_install']
[0.565s] Level 1:colcon.colcon_core.package_identification:_identify(src) by extension 'ignore'
[0.566s] Level 1:colcon.colcon_core.package_identification:_identify(src) by extension 'ignore_ament_install'
[0.568s] Level 1:colcon.colcon_core.package_identification:_identify(src) by extensions ['colcon_pkg']
[0.569s] Level 1:colcon.colcon_core.package_identification:_identify(src) by extension 'colcon_pkg'
[0.570s] Level 1:colcon.colcon_core.package_identification:_identify(src) by extensions ['colcon_meta']
[0.570s] Level 1:colcon.colcon_core.package_identification:_identify(src) by extension 'colcon_meta'
[0.571s] Level 1:colcon.colcon_core.package_identification:_identify(src) by extensions ['ros']
[0.571s] Level 1:colcon.colcon_core.package_identification:_identify(src) by extension 'ros'
[0.575s] Level 1:colcon.colcon_core.package_identification:_identify(src) by extensions ['cmake', 'python']
[0.576s] Level 1:colcon.colcon_core.package_identification:_identify(src) by extension 'cmake'
[0.577s] Level 1:colcon.colcon_core.package_identification:_identify(src) by extension 'python'
[0.578s] Level 1:colcon.colcon_core.package_identification:_identify(src) by extensions ['python_setup_py']
[0.578s] Level 1:colcon.colcon_core.package_identification:_identify(src) by extension 'python_setup_py'
[0.584s] Level 1:colcon.colcon_core.package_identification:_identify(src/my_robot_description) by extensions ['ignore', 'ignore_ament_install']
[0.584s] Level 1:colcon.colcon_core.package_identification:_identify(src/my_robot_description) by extension 'ignore'
[0.586s] Level 1:colcon.colcon_core.package_identification:_identify(src/my_robot_description) by extension 'ignore_ament_install'
[0.589s] Level 1:colcon.colcon_core.package_identification:_identify(src/my_robot_description) by extensions ['colcon_pkg']
[0.589s] Level 1:colcon.colcon_core.package_identification:_identify(src/my_robot_description) by extension 'colcon_pkg'
[0.591s] Level 1:colcon.colcon_core.package_identification:_identify(src/my_robot_description) by extensions ['colcon_meta']
[0.591s] Level 1:colcon.colcon_core.package_identification:_identify(src/my_robot_description) by extension 'colcon_meta'
[0.593s] Level 1:colcon.colcon_core.package_identification:_identify(src/my_robot_description) by extensions ['ros']
[0.594s] Level 1:colcon.colcon_core.package_identification:_identify(src/my_robot_description) by extension 'ros'
[0.611s] DEBUG:colcon.colcon_core.package_identification:Package 'src/my_robot_description' with type 'ros.ament_cmake' and name 'my_robot_description'
[0.612s] Level 1:colcon.colcon_core.package_discovery:discover_packages(recursive) using defaults
[0.612s] Level 1:colcon.colcon_core.package_discovery:discover_packages(ignore) discover
[0.612s] Level 1:colcon.colcon_core.package_discovery:discover_packages(ignore) using defaults
[0.613s] Level 1:colcon.colcon_core.package_discovery:discover_packages(path) discover
[0.613s] Level 1:colcon.colcon_core.package_discovery:discover_packages(path) using defaults
[0.646s] Level 5:colcon.colcon_core.verb:set package 'my_robot_description' build argument 'cmake_args' from command line to 'None'
[0.646s] Level 5:colcon.colcon_core.verb:set package 'my_robot_description' build argument 'cmake_target' from command line to 'None'
[0.647s] Level 5:colcon.colcon_core.verb:set package 'my_robot_description' build argument 'cmake_target_skip_unavailable' from command line to 'False'
[0.647s] Level 5:colcon.colcon_core.verb:set package 'my_robot_description' build argument 'cmake_clean_cache' from command line to 'False'
[0.647s] Level 5:colcon.colcon_core.verb:set package 'my_robot_description' build argument 'cmake_clean_first' from command line to 'False'
[0.648s] Level 5:colcon.colcon_core.verb:set package 'my_robot_description' build argument 'cmake_force_configure' from command line to 'False'
[0.648s] Level 5:colcon.colcon_core.verb:set package 'my_robot_description' build argument 'ament_cmake_args' from command line to 'None'
[0.649s] Level 5:colcon.colcon_core.verb:set package 'my_robot_description' build argument 'catkin_cmake_args' from command line to 'None'
[0.649s] Level 5:colcon.colcon_core.verb:set package 'my_robot_description' build argument 'catkin_skip_building_tests' from command line to 'False'
[0.649s] DEBUG:colcon.colcon_core.verb:Building package 'my_robot_description' with the following arguments: {'ament_cmake_args': None, 'build_base': '/home/tf1/build/my_robot_description', 'catkin_cmake_args': None, 'catkin_skip_building_tests': False, 'cmake_args': None, 'cmake_clean_cache': False, 'cmake_clean_first': False, 'cmake_force_configure': False, 'cmake_target': None, 'cmake_target_skip_unavailable': False, 'install_base': '/home/tf1/install/my_robot_description', 'merge_install': False, 'path': '/home/tf1/src/my_robot_description', 'symlink_install': True, 'test_result_base': None}
[0.650s] INFO:colcon.colcon_core.executor:Executing jobs using 'parallel' executor
[0.652s] DEBUG:colcon.colcon_parallel_executor.executor.parallel:run_until_complete
[0.652s] INFO:colcon.colcon_ros.task.ament_cmake.build:Building ROS package in '/home/tf1/src/my_robot_description' with build type 'ament_cmake'
[0.653s] INFO:colcon.colcon_cmake.task.cmake.build:Building CMake package in '/home/tf1/src/my_robot_description'
[0.657s] INFO:colcon.colcon_core.plugin_system:Skipping extension 'colcon_core.shell.bat': Not used on non-Windows systems
[0.657s] INFO:colcon.colcon_core.shell:Skip shell extension 'powershell' for command environment: Not usable outside of PowerShell
[0.658s] DEBUG:colcon.colcon_core.shell:Skip shell extension 'dsv' for command environment
[0.828s] DEBUG:colcon.colcon_core.event_handler.log_command:Invoking command in '/home/tf1/build/my_robot_description': CMAKE_PREFIX_PATH=${CMAKE_PREFIX_PATH}:/opt/ros/humble /usr/bin/cmake /home/tf1/src/my_robot_description -DAMENT_CMAKE_SYMLINK_INSTALL=1 -DCMAKE_INSTALL_PREFIX=/home/tf1/install/my_robot_description
[2.944s] DEBUG:colcon.colcon_core.event_handler.log_command:Invoked command in '/home/tf1/build/my_robot_description' returned '0': CMAKE_PREFIX_PATH=${CMAKE_PREFIX_PATH}:/opt/ros/humble /usr/bin/cmake /home/tf1/src/my_robot_description -DAMENT_CMAKE_SYMLINK_INSTALL=1 -DCMAKE_INSTALL_PREFIX=/home/tf1/install/my_robot_description
[2.964s] DEBUG:colcon.colcon_core.event_handler.log_command:Invoking command in '/home/tf1/build/my_robot_description': CMAKE_PREFIX_PATH=${CMAKE_PREFIX_PATH}:/opt/ros/humble /usr/bin/cmake --build /home/tf1/build/my_robot_description -- -j8 -l8
[3.667s] DEBUG:colcon.colcon_core.event_handler.log_command:Invoked command in '/home/tf1/build/my_robot_description' returned '0': CMAKE_PREFIX_PATH=${CMAKE_PREFIX_PATH}:/opt/ros/humble /usr/bin/cmake --build /home/tf1/build/my_robot_description -- -j8 -l8
[4.106s] DEBUG:colcon.colcon_core.event_handler.log_command:Invoking command in '/home/tf1/build/my_robot_description': CMAKE_PREFIX_PATH=${CMAKE_PREFIX_PATH}:/opt/ros/humble /usr/bin/cmake --install /home/tf1/build/my_robot_description
[8.143s] Level 1:colcon.colcon_core.environment:create_environment_scripts_only(my_robot_description)
[8.144s] DEBUG:colcon.colcon_core.event_handler.log_command:Invoked command in '/home/tf1/build/my_robot_description' returned '0': CMAKE_PREFIX_PATH=${CMAKE_PREFIX_PATH}:/opt/ros/humble /usr/bin/cmake --install /home/tf1/build/my_robot_description
[8.147s] Level 1:colcon.colcon_core.environment:checking '/home/tf1/install/my_robot_description' for CMake module files
[8.311s] Level 1:colcon.colcon_core.environment:checking '/home/tf1/install/my_robot_description' for CMake config files
[8.474s] Level 1:colcon.colcon_core.shell:create_environment_hook('my_robot_description', 'cmake_prefix_path')
[8.474s] INFO:colcon.colcon_core.shell:Creating environment hook '/home/tf1/install/my_robot_description/share/my_robot_description/hook/cmake_prefix_path.ps1'
[8.502s] INFO:colcon.colcon_core.shell:Creating environment descriptor '/home/tf1/install/my_robot_description/share/my_robot_description/hook/cmake_prefix_path.dsv'
[8.530s] INFO:colcon.colcon_core.shell:Creating environment hook '/home/tf1/install/my_robot_description/share/my_robot_description/hook/cmake_prefix_path.sh'
[8.561s] Level 1:colcon.colcon_core.environment:checking '/home/tf1/install/my_robot_description/bin'
[8.563s] Level 1:colcon.colcon_core.environment:checking '/home/tf1/install/my_robot_description/lib/pkgconfig/my_robot_description.pc'
[8.567s] Level 1:colcon.colcon_core.environment:checking '/home/tf1/install/my_robot_description/lib/python3.10/site-packages'
[8.570s] Level 1:colcon.colcon_core.environment:checking '/home/tf1/install/my_robot_description/bin'
[8.573s] INFO:colcon.colcon_core.shell:Creating package script '/home/tf1/install/my_robot_description/share/my_robot_description/package.ps1'
[8.597s] INFO:colcon.colcon_core.shell:Creating package descriptor '/home/tf1/install/my_robot_description/share/my_robot_description/package.dsv'
[8.626s] INFO:colcon.colcon_core.shell:Creating package script '/home/tf1/install/my_robot_description/share/my_robot_description/package.sh'
[8.650s] INFO:colcon.colcon_core.shell:Creating package script '/home/tf1/install/my_robot_description/share/my_robot_description/package.bash'
[8.673s] INFO:colcon.colcon_core.shell:Creating package script '/home/tf1/install/my_robot_description/share/my_robot_description/package.zsh'
[8.693s] Level 1:colcon.colcon_core.environment:create_file_with_runtime_dependencies(/home/tf1/install/my_robot_description/share/colcon-core/packages/my_robot_description)
[8.928s] Level 1:colcon.colcon_core.environment:create_environment_scripts_only(my_robot_description)
[8.929s] Level 1:colcon.colcon_core.environment:checking '/home/tf1/install/my_robot_description' for CMake module files
[9.116s] Level 1:colcon.colcon_core.environment:checking '/home/tf1/install/my_robot_description' for CMake config files
[9.278s] Level 1:colcon.colcon_core.shell:create_environment_hook('my_robot_description', 'cmake_prefix_path')
[9.278s] INFO:colcon.colcon_core.shell:Creating environment hook '/home/tf1/install/my_robot_description/share/my_robot_description/hook/cmake_prefix_path.ps1'
[9.298s] INFO:colcon.colcon_core.shell:Creating environment descriptor '/home/tf1/install/my_robot_description/share/my_robot_description/hook/cmake_prefix_path.dsv'
[9.320s] INFO:colcon.colcon_core.shell:Creating environment hook '/home/tf1/install/my_robot_description/share/my_robot_description/hook/cmake_prefix_path.sh'
[9.401s] Level 1:colcon.colcon_core.environment:checking '/home/tf1/install/my_robot_description/bin'
[9.407s] Level 1:colcon.colcon_core.environment:checking '/home/tf1/install/my_robot_description/lib/pkgconfig/my_robot_description.pc'
[9.411s] Level 1:colcon.colcon_core.environment:checking '/home/tf1/install/my_robot_description/lib/python3.10/site-packages'
[9.418s] Level 1:colcon.colcon_core.environment:checking '/home/tf1/install/my_robot_description/bin'
[9.423s] INFO:colcon.colcon_core.shell:Creating package script '/home/tf1/install/my_robot_description/share/my_robot_description/package.ps1'
[9.452s] INFO:colcon.colcon_core.shell:Creating package descriptor '/home/tf1/install/my_robot_description/share/my_robot_description/package.dsv'
[9.486s] INFO:colcon.colcon_core.shell:Creating package script '/home/tf1/install/my_robot_description/share/my_robot_description/package.sh'
[9.517s] INFO:colcon.colcon_core.shell:Creating package script '/home/tf1/install/my_robot_description/share/my_robot_description/package.bash'
[9.552s] INFO:colcon.colcon_core.shell:Creating package script '/home/tf1/install/my_robot_description/share/my_robot_description/package.zsh'
[9.596s] Level 1:colcon.colcon_core.environment:create_file_with_runtime_dependencies(/home/tf1/install/my_robot_description/share/colcon-core/packages/my_robot_description)
[9.620s] DEBUG:colcon.colcon_parallel_executor.executor.parallel:closing loop
[9.621s] DEBUG:colcon.colcon_parallel_executor.executor.parallel:loop closed
[9.625s] DEBUG:colcon.colcon_parallel_executor.executor.parallel:run_until_complete finished with '0'
[9.632s] DEBUG:colcon.colcon_core.event_reactor:joining thread
[9.813s] INFO:colcon.colcon_core.plugin_system:Skipping extension 'colcon_notification.desktop_notification.notify_send': Could not find 'notify-send'
[9.821s] INFO:colcon.colcon_core.plugin_system:Skipping extension 'colcon_notification.desktop_notification.terminal_notifier': Not used on non-Darwin systems
[9.833s] INFO:colcon.colcon_core.plugin_system:Skipping extension 'colcon_notification.desktop_notification.win32': Not used on non-Windows systems
[9.836s] INFO:colcon.colcon_notification.desktop_notification:Sending desktop notification using 'notify2'
[9.843s] DEBUG:colcon.colcon_notification.desktop_notification.notify2:Failed to initialize notify2: org.freedesktop.DBus.Error.Spawn.ExecFailed: /usr/bin/dbus-launch terminated abnormally without any error message
[9.844s] DEBUG:colcon.colcon_core.event_reactor:joined thread
[9.846s] INFO:colcon.colcon_core.shell:Creating prefix script '/home/tf1/install/local_setup.ps1'
[9.868s] INFO:colcon.colcon_core.shell:Creating prefix util module '/home/tf1/install/_local_setup_util_ps1.py'
[9.879s] INFO:colcon.colcon_core.shell:Creating prefix chain script '/home/tf1/install/setup.ps1'
[9.898s] INFO:colcon.colcon_core.shell:Creating prefix script '/home/tf1/install/local_setup.sh'
[9.903s] INFO:colcon.colcon_core.shell:Creating prefix util module '/home/tf1/install/_local_setup_util_sh.py'
[9.909s] INFO:colcon.colcon_core.shell:Creating prefix chain script '/home/tf1/install/setup.sh'
[9.926s] INFO:colcon.colcon_core.shell:Creating prefix script '/home/tf1/install/local_setup.bash'
[9.933s] INFO:colcon.colcon_core.shell:Creating prefix chain script '/home/tf1/install/setup.bash'
[9.951s] INFO:colcon.colcon_core.shell:Creating prefix script '/home/tf1/install/local_setup.zsh'
[9.961s] INFO:colcon.colcon_core.shell:Creating prefix chain script '/home/tf1/install/setup.zsh'
