[0.163s] Invoking command in '/home/tf1/build/my_robot_description': CMAKE_PREFIX_PATH=${CMAKE_PREFIX_PATH}:/opt/ros/humble /usr/bin/cmake --build /home/tf1/build/my_robot_description -- -j8 -l8
[0.777s] Invoked command in '/home/tf1/build/my_robot_description' returned '0': CMAKE_PREFIX_PATH=${CMAKE_PREFIX_PATH}:/opt/ros/humble /usr/bin/cmake --build /home/tf1/build/my_robot_description -- -j8 -l8
[1.111s] Invoking command in '/home/tf1/build/my_robot_description': CMAKE_PREFIX_PATH=${CMAKE_PREFIX_PATH}:/opt/ros/humble /usr/bin/cmake --install /home/tf1/build/my_robot_description
[1.257s] -- Install configuration: ""
[1.272s] -- Up-to-date: /home/tf1/install/my_robot_description/share/my_robot_description//urdf
[1.317s] -- Up-to-date: /home/tf1/install/my_robot_description/share/my_robot_description//urdf/my_robot.urdf
[1.345s] -- Up-to-date: /home/tf1/install/my_robot_description/share/my_robot_description//launch
[1.384s] -- Installing: /home/tf1/install/my_robot_description/share/my_robot_description//launch/display.launch.py
[1.512s] -- Up-to-date: /home/tf1/install/my_robot_description/share/my_robot_description//launch/display.launch.xml
[1.542s] -- Up-to-date: /home/tf1/install/my_robot_description/share/my_robot_description//rviz
[1.585s] -- Up-to-date: /home/tf1/install/my_robot_description/share/my_robot_description//rviz/configuration.rviz
[1.640s] -- Up-to-date: /home/tf1/install/my_robot_description/share/ament_index/resource_index/package_run_dependencies/my_robot_description
[1.687s] -- Up-to-date: /home/tf1/install/my_robot_description/share/ament_index/resource_index/parent_prefix_path/my_robot_description
[1.711s] -- Up-to-date: /home/tf1/install/my_robot_description/share/my_robot_description/environment/ament_prefix_path.sh
[1.746s] -- Up-to-date: /home/tf1/install/my_robot_description/share/my_robot_description/environment/ament_prefix_path.dsv
[1.772s] -- Up-to-date: /home/tf1/install/my_robot_description/share/my_robot_description/environment/path.sh
[1.802s] -- Up-to-date: /home/tf1/install/my_robot_description/share/my_robot_description/environment/path.dsv
[1.832s] -- Up-to-date: /home/tf1/install/my_robot_description/share/my_robot_description/local_setup.bash
[1.858s] -- Up-to-date: /home/tf1/install/my_robot_description/share/my_robot_description/local_setup.sh
[1.882s] -- Up-to-date: /home/tf1/install/my_robot_description/share/my_robot_description/local_setup.zsh
[1.905s] -- Up-to-date: /home/tf1/install/my_robot_description/share/my_robot_description/local_setup.dsv
[1.940s] -- Installing: /home/tf1/install/my_robot_description/share/my_robot_description/package.dsv
[2.055s] -- Up-to-date: /home/tf1/install/my_robot_description/share/ament_index/resource_index/packages/my_robot_description
[2.086s] -- Up-to-date: /home/tf1/install/my_robot_description/share/my_robot_description/cmake/my_robot_descriptionConfig.cmake
[2.108s] -- Up-to-date: /home/tf1/install/my_robot_description/share/my_robot_description/cmake/my_robot_descriptionConfig-version.cmake
[2.141s] -- Up-to-date: /home/tf1/install/my_robot_description/share/my_robot_description/package.xml
[2.153s] Invoked command in '/home/tf1/build/my_robot_description' returned '0': CMAKE_PREFIX_PATH=${CMAKE_PREFIX_PATH}:/opt/ros/humble /usr/bin/cmake --install /home/tf1/build/my_robot_description
