[0.329s] DEBUG:colcon:Command line arguments: ['/usr/bin/colcon', 'build']
[0.330s] DEBUG:colcon:Parsed command line arguments: Namespace(log_base=None, log_level=None, verb_name='build', build_base='build', install_base='install', merge_install=False, symlink_install=False, test_result_base=None, continue_on_error=False, executor='parallel', parallel_workers=8, event_handlers=None, ignore_user_meta=False, metas=['./colcon.meta'], base_paths=['.'], packages_ignore=None, packages_ignore_regex=None, paths=None, packages_up_to=None, packages_up_to_regex=None, packages_above=None, packages_above_and_dependencies=None, packages_above_depth=None, packages_select_by_dep=None, packages_skip_by_dep=None, packages_skip_up_to=None, packages_select_build_failed=False, packages_skip_build_finished=False, packages_select_test_failures=False, packages_skip_test_passed=False, packages_select=None, packages_skip=None, packages_select_regex=None, packages_skip_regex=None, packages_start=None, packages_end=None, cmake_args=None, cmake_target=None, cmake_target_skip_unavailable=False, cmake_clean_cache=False, cmake_clean_first=False, cmake_force_configure=False, ament_cmake_args=None, catkin_cmake_args=None, catkin_skip_building_tests=False, mixin_files=None, mixin=None, verb_parser=<colcon_mixin.mixin.mixin_argument.MixinArgumentDecorator object at 0x7f489d78ca60>, verb_extension=<colcon_core.verb.build.BuildVerb object at 0x7f489d78c5b0>, main=<bound method BuildVerb.main of <colcon_core.verb.build.BuildVerb object at 0x7f489d78c5b0>>, mixin_verb=('build',))
[0.619s] Level 1:colcon.colcon_core.package_discovery:discover_packages(colcon_meta) check parameters
[0.620s] Level 1:colcon.colcon_core.package_discovery:discover_packages(recursive) check parameters
[0.621s] Level 1:colcon.colcon_core.package_discovery:discover_packages(ignore) check parameters
[0.621s] Level 1:colcon.colcon_core.package_discovery:discover_packages(path) check parameters
[0.621s] Level 1:colcon.colcon_core.package_discovery:discover_packages(colcon_meta) discover
[0.622s] Level 1:colcon.colcon_core.package_discovery:discover_packages(recursive) discover
[0.622s] INFO:colcon.colcon_core.package_discovery:Crawling recursively for packages in '/home/tf1'
[0.625s] Level 1:colcon.colcon_core.package_identification:_identify(.) by extensions ['ignore', 'ignore_ament_install']
[0.627s] Level 1:colcon.colcon_core.package_identification:_identify(.) by extension 'ignore'
[0.628s] Level 1:colcon.colcon_core.package_identification:_identify(.) by extension 'ignore_ament_install'
[0.631s] Level 1:colcon.colcon_core.package_identification:_identify(.) by extensions ['colcon_pkg']
[0.631s] Level 1:colcon.colcon_core.package_identification:_identify(.) by extension 'colcon_pkg'
[0.632s] Level 1:colcon.colcon_core.package_identification:_identify(.) by extensions ['colcon_meta']
[0.633s] Level 1:colcon.colcon_core.package_identification:_identify(.) by extension 'colcon_meta'
[0.633s] Level 1:colcon.colcon_core.package_identification:_identify(.) by extensions ['ros']
[0.634s] Level 1:colcon.colcon_core.package_identification:_identify(.) by extension 'ros'
[0.654s] Level 1:colcon.colcon_core.package_identification:_identify(.) by extensions ['cmake', 'python']
[0.655s] Level 1:colcon.colcon_core.package_identification:_identify(.) by extension 'cmake'
[0.656s] Level 1:colcon.colcon_core.package_identification:_identify(.) by extension 'python'
[0.658s] Level 1:colcon.colcon_core.package_identification:_identify(.) by extensions ['python_setup_py']
[0.659s] Level 1:colcon.colcon_core.package_identification:_identify(.) by extension 'python_setup_py'
[0.668s] Level 1:colcon.colcon_core.package_identification:_identify(build) by extensions ['ignore', 'ignore_ament_install']
[0.669s] Level 1:colcon.colcon_core.package_identification:_identify(build) by extension 'ignore'
[0.672s] Level 1:colcon.colcon_core.package_identification:_identify(build) ignored
[0.680s] Level 1:colcon.colcon_core.package_identification:_identify(install) by extensions ['ignore', 'ignore_ament_install']
[0.681s] Level 1:colcon.colcon_core.package_identification:_identify(install) by extension 'ignore'
[0.684s] Level 1:colcon.colcon_core.package_identification:_identify(install) ignored
[0.695s] Level 1:colcon.colcon_core.package_identification:_identify(log) by extensions ['ignore', 'ignore_ament_install']
[0.696s] Level 1:colcon.colcon_core.package_identification:_identify(log) by extension 'ignore'
[0.697s] Level 1:colcon.colcon_core.package_identification:_identify(log) ignored
[0.702s] Level 1:colcon.colcon_core.package_identification:_identify(src) by extensions ['ignore', 'ignore_ament_install']
[0.703s] Level 1:colcon.colcon_core.package_identification:_identify(src) by extension 'ignore'
[0.705s] Level 1:colcon.colcon_core.package_identification:_identify(src) by extension 'ignore_ament_install'
[0.708s] Level 1:colcon.colcon_core.package_identification:_identify(src) by extensions ['colcon_pkg']
[0.709s] Level 1:colcon.colcon_core.package_identification:_identify(src) by extension 'colcon_pkg'
[0.712s] Level 1:colcon.colcon_core.package_identification:_identify(src) by extensions ['colcon_meta']
[0.713s] Level 1:colcon.colcon_core.package_identification:_identify(src) by extension 'colcon_meta'
[0.714s] Level 1:colcon.colcon_core.package_identification:_identify(src) by extensions ['ros']
[0.715s] Level 1:colcon.colcon_core.package_identification:_identify(src) by extension 'ros'
[0.721s] Level 1:colcon.colcon_core.package_identification:_identify(src) by extensions ['cmake', 'python']
[0.722s] Level 1:colcon.colcon_core.package_identification:_identify(src) by extension 'cmake'
[0.724s] Level 1:colcon.colcon_core.package_identification:_identify(src) by extension 'python'
[0.727s] Level 1:colcon.colcon_core.package_identification:_identify(src) by extensions ['python_setup_py']
[0.727s] Level 1:colcon.colcon_core.package_identification:_identify(src) by extension 'python_setup_py'
[0.737s] Level 1:colcon.colcon_core.package_identification:_identify(src/my_robot_description) by extensions ['ignore', 'ignore_ament_install']
[0.738s] Level 1:colcon.colcon_core.package_identification:_identify(src/my_robot_description) by extension 'ignore'
[0.745s] Level 1:colcon.colcon_core.package_identification:_identify(src/my_robot_description) by extension 'ignore_ament_install'
[0.750s] Level 1:colcon.colcon_core.package_identification:_identify(src/my_robot_description) by extensions ['colcon_pkg']
[0.751s] Level 1:colcon.colcon_core.package_identification:_identify(src/my_robot_description) by extension 'colcon_pkg'
[0.754s] Level 1:colcon.colcon_core.package_identification:_identify(src/my_robot_description) by extensions ['colcon_meta']
[0.754s] Level 1:colcon.colcon_core.package_identification:_identify(src/my_robot_description) by extension 'colcon_meta'
[0.758s] Level 1:colcon.colcon_core.package_identification:_identify(src/my_robot_description) by extensions ['ros']
[0.759s] Level 1:colcon.colcon_core.package_identification:_identify(src/my_robot_description) by extension 'ros'
[0.793s] DEBUG:colcon.colcon_core.package_identification:Package 'src/my_robot_description' with type 'ros.ament_cmake' and name 'my_robot_description'
[0.794s] Level 1:colcon.colcon_core.package_discovery:discover_packages(recursive) using defaults
[0.794s] Level 1:colcon.colcon_core.package_discovery:discover_packages(ignore) discover
[0.795s] Level 1:colcon.colcon_core.package_discovery:discover_packages(ignore) using defaults
[0.795s] Level 1:colcon.colcon_core.package_discovery:discover_packages(path) discover
[0.796s] Level 1:colcon.colcon_core.package_discovery:discover_packages(path) using defaults
[0.852s] Level 5:colcon.colcon_core.verb:set package 'my_robot_description' build argument 'cmake_args' from command line to 'None'
[0.853s] Level 5:colcon.colcon_core.verb:set package 'my_robot_description' build argument 'cmake_target' from command line to 'None'
[0.853s] Level 5:colcon.colcon_core.verb:set package 'my_robot_description' build argument 'cmake_target_skip_unavailable' from command line to 'False'
[0.854s] Level 5:colcon.colcon_core.verb:set package 'my_robot_description' build argument 'cmake_clean_cache' from command line to 'False'
[0.855s] Level 5:colcon.colcon_core.verb:set package 'my_robot_description' build argument 'cmake_clean_first' from command line to 'False'
[0.855s] Level 5:colcon.colcon_core.verb:set package 'my_robot_description' build argument 'cmake_force_configure' from command line to 'False'
[0.856s] Level 5:colcon.colcon_core.verb:set package 'my_robot_description' build argument 'ament_cmake_args' from command line to 'None'
[0.857s] Level 5:colcon.colcon_core.verb:set package 'my_robot_description' build argument 'catkin_cmake_args' from command line to 'None'
[0.858s] Level 5:colcon.colcon_core.verb:set package 'my_robot_description' build argument 'catkin_skip_building_tests' from command line to 'False'
[0.859s] DEBUG:colcon.colcon_core.verb:Building package 'my_robot_description' with the following arguments: {'ament_cmake_args': None, 'build_base': '/home/tf1/build/my_robot_description', 'catkin_cmake_args': None, 'catkin_skip_building_tests': False, 'cmake_args': None, 'cmake_clean_cache': False, 'cmake_clean_first': False, 'cmake_force_configure': False, 'cmake_target': None, 'cmake_target_skip_unavailable': False, 'install_base': '/home/tf1/install/my_robot_description', 'merge_install': False, 'path': '/home/tf1/src/my_robot_description', 'symlink_install': False, 'test_result_base': None}
[0.860s] INFO:colcon.colcon_core.executor:Executing jobs using 'parallel' executor
[0.864s] DEBUG:colcon.colcon_parallel_executor.executor.parallel:run_until_complete
[0.865s] INFO:colcon.colcon_ros.task.ament_cmake.build:Building ROS package in '/home/tf1/src/my_robot_description' with build type 'ament_cmake'
[0.866s] INFO:colcon.colcon_cmake.task.cmake.build:Building CMake package in '/home/tf1/src/my_robot_description'
[0.873s] INFO:colcon.colcon_core.plugin_system:Skipping extension 'colcon_core.shell.bat': Not used on non-Windows systems
[0.874s] INFO:colcon.colcon_core.shell:Skip shell extension 'powershell' for command environment: Not usable outside of PowerShell
[0.875s] DEBUG:colcon.colcon_core.shell:Skip shell extension 'dsv' for command environment
[1.100s] DEBUG:colcon.colcon_core.event_handler.log_command:Invoking command in '/home/tf1/build/my_robot_description': CMAKE_PREFIX_PATH=/opt/ros/humble /usr/bin/cmake /home/tf1/src/my_robot_description -DCMAKE_INSTALL_PREFIX=/home/tf1/install/my_robot_description
[8.129s] DEBUG:colcon.colcon_core.event_handler.log_command:Invoked command in '/home/tf1/build/my_robot_description' returned '0': CMAKE_PREFIX_PATH=/opt/ros/humble /usr/bin/cmake /home/tf1/src/my_robot_description -DCMAKE_INSTALL_PREFIX=/home/tf1/install/my_robot_description
[8.152s] DEBUG:colcon.colcon_core.event_handler.log_command:Invoking command in '/home/tf1/build/my_robot_description': CMAKE_PREFIX_PATH=/opt/ros/humble /usr/bin/cmake --build /home/tf1/build/my_robot_description -- -j8 -l8
[8.924s] DEBUG:colcon.colcon_core.event_handler.log_command:Invoked command in '/home/tf1/build/my_robot_description' returned '0': CMAKE_PREFIX_PATH=/opt/ros/humble /usr/bin/cmake --build /home/tf1/build/my_robot_description -- -j8 -l8
[9.294s] DEBUG:colcon.colcon_core.event_handler.log_command:Invoking command in '/home/tf1/build/my_robot_description': CMAKE_PREFIX_PATH=/opt/ros/humble /usr/bin/cmake --install /home/tf1/build/my_robot_description
[11.678s] Level 1:colcon.colcon_core.environment:create_environment_scripts_only(my_robot_description)
[11.680s] DEBUG:colcon.colcon_core.event_handler.log_command:Invoked command in '/home/tf1/build/my_robot_description' returned '0': CMAKE_PREFIX_PATH=/opt/ros/humble /usr/bin/cmake --install /home/tf1/build/my_robot_description
[11.694s] Level 1:colcon.colcon_core.environment:checking '/home/tf1/install/my_robot_description' for CMake module files
[11.811s] Level 1:colcon.colcon_core.environment:checking '/home/tf1/install/my_robot_description' for CMake config files
[11.884s] Level 1:colcon.colcon_core.shell:create_environment_hook('my_robot_description', 'cmake_prefix_path')
[11.885s] INFO:colcon.colcon_core.shell:Creating environment hook '/home/tf1/install/my_robot_description/share/my_robot_description/hook/cmake_prefix_path.ps1'
[11.914s] INFO:colcon.colcon_core.shell:Creating environment descriptor '/home/tf1/install/my_robot_description/share/my_robot_description/hook/cmake_prefix_path.dsv'
[11.942s] INFO:colcon.colcon_core.shell:Creating environment hook '/home/tf1/install/my_robot_description/share/my_robot_description/hook/cmake_prefix_path.sh'
[11.979s] Level 1:colcon.colcon_core.environment:checking '/home/tf1/install/my_robot_description/bin'
[11.981s] Level 1:colcon.colcon_core.environment:checking '/home/tf1/install/my_robot_description/lib/pkgconfig/my_robot_description.pc'
[11.986s] Level 1:colcon.colcon_core.environment:checking '/home/tf1/install/my_robot_description/lib/python3.10/site-packages'
[11.990s] Level 1:colcon.colcon_core.environment:checking '/home/tf1/install/my_robot_description/bin'
[11.993s] INFO:colcon.colcon_core.shell:Creating package script '/home/tf1/install/my_robot_description/share/my_robot_description/package.ps1'
[12.018s] INFO:colcon.colcon_core.shell:Creating package descriptor '/home/tf1/install/my_robot_description/share/my_robot_description/package.dsv'
[12.043s] INFO:colcon.colcon_core.shell:Creating package script '/home/tf1/install/my_robot_description/share/my_robot_description/package.sh'
[12.067s] INFO:colcon.colcon_core.shell:Creating package script '/home/tf1/install/my_robot_description/share/my_robot_description/package.bash'
[12.094s] INFO:colcon.colcon_core.shell:Creating package script '/home/tf1/install/my_robot_description/share/my_robot_description/package.zsh'
[12.118s] Level 1:colcon.colcon_core.environment:create_file_with_runtime_dependencies(/home/tf1/install/my_robot_description/share/colcon-core/packages/my_robot_description)
[12.353s] Level 1:colcon.colcon_core.environment:create_environment_scripts_only(my_robot_description)
[12.353s] Level 1:colcon.colcon_core.environment:checking '/home/tf1/install/my_robot_description' for CMake module files
[12.504s] Level 1:colcon.colcon_core.environment:checking '/home/tf1/install/my_robot_description' for CMake config files
[12.591s] Level 1:colcon.colcon_core.shell:create_environment_hook('my_robot_description', 'cmake_prefix_path')
[12.592s] INFO:colcon.colcon_core.shell:Creating environment hook '/home/tf1/install/my_robot_description/share/my_robot_description/hook/cmake_prefix_path.ps1'
[12.612s] INFO:colcon.colcon_core.shell:Creating environment descriptor '/home/tf1/install/my_robot_description/share/my_robot_description/hook/cmake_prefix_path.dsv'
[12.638s] INFO:colcon.colcon_core.shell:Creating environment hook '/home/tf1/install/my_robot_description/share/my_robot_description/hook/cmake_prefix_path.sh'
[12.665s] Level 1:colcon.colcon_core.environment:checking '/home/tf1/install/my_robot_description/bin'
[12.668s] Level 1:colcon.colcon_core.environment:checking '/home/tf1/install/my_robot_description/lib/pkgconfig/my_robot_description.pc'
[12.670s] Level 1:colcon.colcon_core.environment:checking '/home/tf1/install/my_robot_description/lib/python3.10/site-packages'
[12.672s] Level 1:colcon.colcon_core.environment:checking '/home/tf1/install/my_robot_description/bin'
[12.674s] INFO:colcon.colcon_core.shell:Creating package script '/home/tf1/install/my_robot_description/share/my_robot_description/package.ps1'
[12.699s] INFO:colcon.colcon_core.shell:Creating package descriptor '/home/tf1/install/my_robot_description/share/my_robot_description/package.dsv'
[12.725s] INFO:colcon.colcon_core.shell:Creating package script '/home/tf1/install/my_robot_description/share/my_robot_description/package.sh'
[12.748s] INFO:colcon.colcon_core.shell:Creating package script '/home/tf1/install/my_robot_description/share/my_robot_description/package.bash'
[12.773s] INFO:colcon.colcon_core.shell:Creating package script '/home/tf1/install/my_robot_description/share/my_robot_description/package.zsh'
[12.798s] Level 1:colcon.colcon_core.environment:create_file_with_runtime_dependencies(/home/tf1/install/my_robot_description/share/colcon-core/packages/my_robot_description)
[12.815s] DEBUG:colcon.colcon_parallel_executor.executor.parallel:closing loop
[12.815s] DEBUG:colcon.colcon_parallel_executor.executor.parallel:loop closed
[12.816s] DEBUG:colcon.colcon_parallel_executor.executor.parallel:run_until_complete finished with '0'
[12.816s] DEBUG:colcon.colcon_core.event_reactor:joining thread
[12.870s] INFO:colcon.colcon_core.plugin_system:Skipping extension 'colcon_notification.desktop_notification.notify_send': Could not find 'notify-send'
[12.871s] INFO:colcon.colcon_core.plugin_system:Skipping extension 'colcon_notification.desktop_notification.terminal_notifier': Not used on non-Darwin systems
[12.872s] INFO:colcon.colcon_core.plugin_system:Skipping extension 'colcon_notification.desktop_notification.win32': Not used on non-Windows systems
[12.872s] INFO:colcon.colcon_notification.desktop_notification:Sending desktop notification using 'notify2'
[12.875s] DEBUG:colcon.colcon_notification.desktop_notification.notify2:Failed to initialize notify2: org.freedesktop.DBus.Error.Spawn.ExecFailed: /usr/bin/dbus-launch terminated abnormally without any error message
[12.876s] DEBUG:colcon.colcon_core.event_reactor:joined thread
[12.877s] INFO:colcon.colcon_core.shell:Creating prefix script '/home/tf1/install/local_setup.ps1'
[12.888s] INFO:colcon.colcon_core.shell:Creating prefix util module '/home/tf1/install/_local_setup_util_ps1.py'
[12.900s] INFO:colcon.colcon_core.shell:Creating prefix chain script '/home/tf1/install/setup.ps1'
[12.913s] INFO:colcon.colcon_core.shell:Creating prefix script '/home/tf1/install/local_setup.sh'
[12.925s] INFO:colcon.colcon_core.shell:Creating prefix util module '/home/tf1/install/_local_setup_util_sh.py'
[12.936s] INFO:colcon.colcon_core.shell:Creating prefix chain script '/home/tf1/install/setup.sh'
[12.948s] INFO:colcon.colcon_core.shell:Creating prefix script '/home/tf1/install/local_setup.bash'
[12.959s] INFO:colcon.colcon_core.shell:Creating prefix chain script '/home/tf1/install/setup.bash'
[12.971s] INFO:colcon.colcon_core.shell:Creating prefix script '/home/tf1/install/local_setup.zsh'
[12.981s] INFO:colcon.colcon_core.shell:Creating prefix chain script '/home/tf1/install/setup.zsh'
