[0.212s] DEBUG:colcon:Command line arguments: ['/usr/bin/colcon', 'build']
[0.212s] DEBUG:colcon:Parsed command line arguments: Namespace(log_base=None, log_level=None, verb_name='build', build_base='build', install_base='install', merge_install=False, symlink_install=False, test_result_base=None, continue_on_error=False, executor='parallel', parallel_workers=8, event_handlers=None, ignore_user_meta=False, metas=['./colcon.meta'], base_paths=['.'], packages_ignore=None, packages_ignore_regex=None, paths=None, packages_up_to=None, packages_up_to_regex=None, packages_above=None, packages_above_and_dependencies=None, packages_above_depth=None, packages_select_by_dep=None, packages_skip_by_dep=None, packages_skip_up_to=None, packages_select_build_failed=False, packages_skip_build_finished=False, packages_select_test_failures=False, packages_skip_test_passed=False, packages_select=None, packages_skip=None, packages_select_regex=None, packages_skip_regex=None, packages_start=None, packages_end=None, cmake_args=None, cmake_target=None, cmake_target_skip_unavailable=False, cmake_clean_cache=False, cmake_clean_first=False, cmake_force_configure=False, ament_cmake_args=None, catkin_cmake_args=None, catkin_skip_building_tests=False, mixin_files=None, mixin=None, verb_parser=<colcon_mixin.mixin.mixin_argument.MixinArgumentDecorator object at 0x7fdc6cddca30>, verb_extension=<colcon_core.verb.build.BuildVerb object at 0x7fdc6cddc580>, main=<bound method BuildVerb.main of <colcon_core.verb.build.BuildVerb object at 0x7fdc6cddc580>>, mixin_verb=('build',))
[0.413s] Level 1:colcon.colcon_core.package_discovery:discover_packages(colcon_meta) check parameters
[0.414s] Level 1:colcon.colcon_core.package_discovery:discover_packages(recursive) check parameters
[0.415s] Level 1:colcon.colcon_core.package_discovery:discover_packages(ignore) check parameters
[0.415s] Level 1:colcon.colcon_core.package_discovery:discover_packages(path) check parameters
[0.415s] Level 1:colcon.colcon_core.package_discovery:discover_packages(colcon_meta) discover
[0.416s] Level 1:colcon.colcon_core.package_discovery:discover_packages(recursive) discover
[0.416s] INFO:colcon.colcon_core.package_discovery:Crawling recursively for packages in '/home/tf1'
[0.419s] Level 1:colcon.colcon_core.package_identification:_identify(.) by extensions ['ignore', 'ignore_ament_install']
[0.420s] Level 1:colcon.colcon_core.package_identification:_identify(.) by extension 'ignore'
[0.420s] Level 1:colcon.colcon_core.package_identification:_identify(.) by extension 'ignore_ament_install'
[0.421s] Level 1:colcon.colcon_core.package_identification:_identify(.) by extensions ['colcon_pkg']
[0.422s] Level 1:colcon.colcon_core.package_identification:_identify(.) by extension 'colcon_pkg'
[0.423s] Level 1:colcon.colcon_core.package_identification:_identify(.) by extensions ['colcon_meta']
[0.423s] Level 1:colcon.colcon_core.package_identification:_identify(.) by extension 'colcon_meta'
[0.423s] Level 1:colcon.colcon_core.package_identification:_identify(.) by extensions ['ros']
[0.424s] Level 1:colcon.colcon_core.package_identification:_identify(.) by extension 'ros'
[0.450s] Level 1:colcon.colcon_core.package_identification:_identify(.) by extensions ['cmake', 'python']
[0.450s] Level 1:colcon.colcon_core.package_identification:_identify(.) by extension 'cmake'
[0.450s] Level 1:colcon.colcon_core.package_identification:_identify(.) by extension 'python'
[0.451s] Level 1:colcon.colcon_core.package_identification:_identify(.) by extensions ['python_setup_py']
[0.451s] Level 1:colcon.colcon_core.package_identification:_identify(.) by extension 'python_setup_py'
[0.455s] Level 1:colcon.colcon_core.package_identification:_identify(build) by extensions ['ignore', 'ignore_ament_install']
[0.456s] Level 1:colcon.colcon_core.package_identification:_identify(build) by extension 'ignore'
[0.458s] Level 1:colcon.colcon_core.package_identification:_identify(build) ignored
[0.462s] Level 1:colcon.colcon_core.package_identification:_identify(install) by extensions ['ignore', 'ignore_ament_install']
[0.462s] Level 1:colcon.colcon_core.package_identification:_identify(install) by extension 'ignore'
[0.464s] Level 1:colcon.colcon_core.package_identification:_identify(install) ignored
[0.471s] Level 1:colcon.colcon_core.package_identification:_identify(log) by extensions ['ignore', 'ignore_ament_install']
[0.472s] Level 1:colcon.colcon_core.package_identification:_identify(log) by extension 'ignore'
[0.473s] Level 1:colcon.colcon_core.package_identification:_identify(log) ignored
[0.476s] Level 1:colcon.colcon_core.package_identification:_identify(src) by extensions ['ignore', 'ignore_ament_install']
[0.477s] Level 1:colcon.colcon_core.package_identification:_identify(src) by extension 'ignore'
[0.478s] Level 1:colcon.colcon_core.package_identification:_identify(src) by extension 'ignore_ament_install'
[0.480s] Level 1:colcon.colcon_core.package_identification:_identify(src) by extensions ['colcon_pkg']
[0.480s] Level 1:colcon.colcon_core.package_identification:_identify(src) by extension 'colcon_pkg'
[0.481s] Level 1:colcon.colcon_core.package_identification:_identify(src) by extensions ['colcon_meta']
[0.481s] Level 1:colcon.colcon_core.package_identification:_identify(src) by extension 'colcon_meta'
[0.482s] Level 1:colcon.colcon_core.package_identification:_identify(src) by extensions ['ros']
[0.483s] Level 1:colcon.colcon_core.package_identification:_identify(src) by extension 'ros'
[0.487s] Level 1:colcon.colcon_core.package_identification:_identify(src) by extensions ['cmake', 'python']
[0.487s] Level 1:colcon.colcon_core.package_identification:_identify(src) by extension 'cmake'
[0.488s] Level 1:colcon.colcon_core.package_identification:_identify(src) by extension 'python'
[0.489s] Level 1:colcon.colcon_core.package_identification:_identify(src) by extensions ['python_setup_py']
[0.490s] Level 1:colcon.colcon_core.package_identification:_identify(src) by extension 'python_setup_py'
[0.496s] Level 1:colcon.colcon_core.package_identification:_identify(src/my_robot_description) by extensions ['ignore', 'ignore_ament_install']
[0.496s] Level 1:colcon.colcon_core.package_identification:_identify(src/my_robot_description) by extension 'ignore'
[0.498s] Level 1:colcon.colcon_core.package_identification:_identify(src/my_robot_description) by extension 'ignore_ament_install'
[0.501s] Level 1:colcon.colcon_core.package_identification:_identify(src/my_robot_description) by extensions ['colcon_pkg']
[0.501s] Level 1:colcon.colcon_core.package_identification:_identify(src/my_robot_description) by extension 'colcon_pkg'
[0.503s] Level 1:colcon.colcon_core.package_identification:_identify(src/my_robot_description) by extensions ['colcon_meta']
[0.503s] Level 1:colcon.colcon_core.package_identification:_identify(src/my_robot_description) by extension 'colcon_meta'
[0.505s] Level 1:colcon.colcon_core.package_identification:_identify(src/my_robot_description) by extensions ['ros']
[0.506s] Level 1:colcon.colcon_core.package_identification:_identify(src/my_robot_description) by extension 'ros'
[0.522s] DEBUG:colcon.colcon_core.package_identification:Package 'src/my_robot_description' with type 'ros.ament_cmake' and name 'my_robot_description'
[0.523s] Level 1:colcon.colcon_core.package_discovery:discover_packages(recursive) using defaults
[0.523s] Level 1:colcon.colcon_core.package_discovery:discover_packages(ignore) discover
[0.523s] Level 1:colcon.colcon_core.package_discovery:discover_packages(ignore) using defaults
[0.524s] Level 1:colcon.colcon_core.package_discovery:discover_packages(path) discover
[0.524s] Level 1:colcon.colcon_core.package_discovery:discover_packages(path) using defaults
[0.562s] Level 5:colcon.colcon_core.verb:set package 'my_robot_description' build argument 'cmake_args' from command line to 'None'
[0.563s] Level 5:colcon.colcon_core.verb:set package 'my_robot_description' build argument 'cmake_target' from command line to 'None'
[0.563s] Level 5:colcon.colcon_core.verb:set package 'my_robot_description' build argument 'cmake_target_skip_unavailable' from command line to 'False'
[0.563s] Level 5:colcon.colcon_core.verb:set package 'my_robot_description' build argument 'cmake_clean_cache' from command line to 'False'
[0.564s] Level 5:colcon.colcon_core.verb:set package 'my_robot_description' build argument 'cmake_clean_first' from command line to 'False'
[0.564s] Level 5:colcon.colcon_core.verb:set package 'my_robot_description' build argument 'cmake_force_configure' from command line to 'False'
[0.564s] Level 5:colcon.colcon_core.verb:set package 'my_robot_description' build argument 'ament_cmake_args' from command line to 'None'
[0.564s] Level 5:colcon.colcon_core.verb:set package 'my_robot_description' build argument 'catkin_cmake_args' from command line to 'None'
[0.565s] Level 5:colcon.colcon_core.verb:set package 'my_robot_description' build argument 'catkin_skip_building_tests' from command line to 'False'
[0.565s] DEBUG:colcon.colcon_core.verb:Building package 'my_robot_description' with the following arguments: {'ament_cmake_args': None, 'build_base': '/home/tf1/build/my_robot_description', 'catkin_cmake_args': None, 'catkin_skip_building_tests': False, 'cmake_args': None, 'cmake_clean_cache': False, 'cmake_clean_first': False, 'cmake_force_configure': False, 'cmake_target': None, 'cmake_target_skip_unavailable': False, 'install_base': '/home/tf1/install/my_robot_description', 'merge_install': False, 'path': '/home/tf1/src/my_robot_description', 'symlink_install': False, 'test_result_base': None}
[0.566s] INFO:colcon.colcon_core.executor:Executing jobs using 'parallel' executor
[0.567s] DEBUG:colcon.colcon_parallel_executor.executor.parallel:run_until_complete
[0.569s] INFO:colcon.colcon_ros.task.ament_cmake.build:Building ROS package in '/home/tf1/src/my_robot_description' with build type 'ament_cmake'
[0.569s] INFO:colcon.colcon_cmake.task.cmake.build:Building CMake package in '/home/tf1/src/my_robot_description'
[0.574s] INFO:colcon.colcon_core.plugin_system:Skipping extension 'colcon_core.shell.bat': Not used on non-Windows systems
[0.574s] INFO:colcon.colcon_core.shell:Skip shell extension 'powershell' for command environment: Not usable outside of PowerShell
[0.575s] DEBUG:colcon.colcon_core.shell:Skip shell extension 'dsv' for command environment
[0.735s] DEBUG:colcon.colcon_core.event_handler.log_command:Invoking command in '/home/tf1/build/my_robot_description': CMAKE_PREFIX_PATH=${CMAKE_PREFIX_PATH}:/opt/ros/humble /usr/bin/cmake --build /home/tf1/build/my_robot_description -- -j8 -l8
[1.432s] DEBUG:colcon.colcon_core.event_handler.log_command:Invoked command in '/home/tf1/build/my_robot_description' returned '0': CMAKE_PREFIX_PATH=${CMAKE_PREFIX_PATH}:/opt/ros/humble /usr/bin/cmake --build /home/tf1/build/my_robot_description -- -j8 -l8
[1.887s] DEBUG:colcon.colcon_core.event_handler.log_command:Invoking command in '/home/tf1/build/my_robot_description': CMAKE_PREFIX_PATH=${CMAKE_PREFIX_PATH}:/opt/ros/humble /usr/bin/cmake --install /home/tf1/build/my_robot_description
[3.272s] Level 1:colcon.colcon_core.environment:create_environment_scripts_only(my_robot_description)
[3.274s] DEBUG:colcon.colcon_core.event_handler.log_command:Invoked command in '/home/tf1/build/my_robot_description' returned '0': CMAKE_PREFIX_PATH=${CMAKE_PREFIX_PATH}:/opt/ros/humble /usr/bin/cmake --install /home/tf1/build/my_robot_description
[3.276s] Level 1:colcon.colcon_core.environment:checking '/home/tf1/install/my_robot_description' for CMake module files
[3.424s] Level 1:colcon.colcon_core.environment:checking '/home/tf1/install/my_robot_description' for CMake config files
[3.533s] Level 1:colcon.colcon_core.shell:create_environment_hook('my_robot_description', 'cmake_prefix_path')
[3.534s] INFO:colcon.colcon_core.shell:Creating environment hook '/home/tf1/install/my_robot_description/share/my_robot_description/hook/cmake_prefix_path.ps1'
[3.555s] INFO:colcon.colcon_core.shell:Creating environment descriptor '/home/tf1/install/my_robot_description/share/my_robot_description/hook/cmake_prefix_path.dsv'
[3.579s] INFO:colcon.colcon_core.shell:Creating environment hook '/home/tf1/install/my_robot_description/share/my_robot_description/hook/cmake_prefix_path.sh'
[3.611s] Level 1:colcon.colcon_core.environment:checking '/home/tf1/install/my_robot_description/bin'
[3.614s] Level 1:colcon.colcon_core.environment:checking '/home/tf1/install/my_robot_description/lib/pkgconfig/my_robot_description.pc'
[3.619s] Level 1:colcon.colcon_core.environment:checking '/home/tf1/install/my_robot_description/lib/python3.10/site-packages'
[3.621s] Level 1:colcon.colcon_core.environment:checking '/home/tf1/install/my_robot_description/bin'
[3.624s] INFO:colcon.colcon_core.shell:Creating package script '/home/tf1/install/my_robot_description/share/my_robot_description/package.ps1'
[3.645s] INFO:colcon.colcon_core.shell:Creating package descriptor '/home/tf1/install/my_robot_description/share/my_robot_description/package.dsv'
[3.666s] INFO:colcon.colcon_core.shell:Creating package script '/home/tf1/install/my_robot_description/share/my_robot_description/package.sh'
[3.689s] INFO:colcon.colcon_core.shell:Creating package script '/home/tf1/install/my_robot_description/share/my_robot_description/package.bash'
[3.712s] INFO:colcon.colcon_core.shell:Creating package script '/home/tf1/install/my_robot_description/share/my_robot_description/package.zsh'
[3.734s] Level 1:colcon.colcon_core.environment:create_file_with_runtime_dependencies(/home/tf1/install/my_robot_description/share/colcon-core/packages/my_robot_description)
[3.973s] Level 1:colcon.colcon_core.environment:create_environment_scripts_only(my_robot_description)
[3.973s] Level 1:colcon.colcon_core.environment:checking '/home/tf1/install/my_robot_description' for CMake module files
[4.133s] Level 1:colcon.colcon_core.environment:checking '/home/tf1/install/my_robot_description' for CMake config files
[4.236s] Level 1:colcon.colcon_core.shell:create_environment_hook('my_robot_description', 'cmake_prefix_path')
[4.236s] INFO:colcon.colcon_core.shell:Creating environment hook '/home/tf1/install/my_robot_description/share/my_robot_description/hook/cmake_prefix_path.ps1'
[4.261s] INFO:colcon.colcon_core.shell:Creating environment descriptor '/home/tf1/install/my_robot_description/share/my_robot_description/hook/cmake_prefix_path.dsv'
[4.286s] INFO:colcon.colcon_core.shell:Creating environment hook '/home/tf1/install/my_robot_description/share/my_robot_description/hook/cmake_prefix_path.sh'
[4.321s] Level 1:colcon.colcon_core.environment:checking '/home/tf1/install/my_robot_description/bin'
[4.325s] Level 1:colcon.colcon_core.environment:checking '/home/tf1/install/my_robot_description/lib/pkgconfig/my_robot_description.pc'
[4.328s] Level 1:colcon.colcon_core.environment:checking '/home/tf1/install/my_robot_description/lib/python3.10/site-packages'
[4.330s] Level 1:colcon.colcon_core.environment:checking '/home/tf1/install/my_robot_description/bin'
[4.334s] INFO:colcon.colcon_core.shell:Creating package script '/home/tf1/install/my_robot_description/share/my_robot_description/package.ps1'
[4.358s] INFO:colcon.colcon_core.shell:Creating package descriptor '/home/tf1/install/my_robot_description/share/my_robot_description/package.dsv'
[4.381s] INFO:colcon.colcon_core.shell:Creating package script '/home/tf1/install/my_robot_description/share/my_robot_description/package.sh'
[4.404s] INFO:colcon.colcon_core.shell:Creating package script '/home/tf1/install/my_robot_description/share/my_robot_description/package.bash'
[4.427s] INFO:colcon.colcon_core.shell:Creating package script '/home/tf1/install/my_robot_description/share/my_robot_description/package.zsh'
[4.449s] Level 1:colcon.colcon_core.environment:create_file_with_runtime_dependencies(/home/tf1/install/my_robot_description/share/colcon-core/packages/my_robot_description)
[4.467s] DEBUG:colcon.colcon_parallel_executor.executor.parallel:closing loop
[4.468s] DEBUG:colcon.colcon_parallel_executor.executor.parallel:loop closed
[4.468s] DEBUG:colcon.colcon_parallel_executor.executor.parallel:run_until_complete finished with '0'
[4.469s] DEBUG:colcon.colcon_core.event_reactor:joining thread
[4.524s] INFO:colcon.colcon_core.plugin_system:Skipping extension 'colcon_notification.desktop_notification.notify_send': Could not find 'notify-send'
[4.525s] INFO:colcon.colcon_core.plugin_system:Skipping extension 'colcon_notification.desktop_notification.terminal_notifier': Not used on non-Darwin systems
[4.525s] INFO:colcon.colcon_core.plugin_system:Skipping extension 'colcon_notification.desktop_notification.win32': Not used on non-Windows systems
[4.526s] INFO:colcon.colcon_notification.desktop_notification:Sending desktop notification using 'notify2'
[4.529s] DEBUG:colcon.colcon_notification.desktop_notification.notify2:Failed to initialize notify2: org.freedesktop.DBus.Error.Spawn.ExecFailed: /usr/bin/dbus-launch terminated abnormally without any error message
[4.529s] DEBUG:colcon.colcon_core.event_reactor:joined thread
[4.530s] INFO:colcon.colcon_core.shell:Creating prefix script '/home/tf1/install/local_setup.ps1'
[4.541s] INFO:colcon.colcon_core.shell:Creating prefix util module '/home/tf1/install/_local_setup_util_ps1.py'
[4.552s] INFO:colcon.colcon_core.shell:Creating prefix chain script '/home/tf1/install/setup.ps1'
[4.583s] INFO:colcon.colcon_core.shell:Creating prefix script '/home/tf1/install/local_setup.sh'
[4.593s] INFO:colcon.colcon_core.shell:Creating prefix util module '/home/tf1/install/_local_setup_util_sh.py'
[4.602s] INFO:colcon.colcon_core.shell:Creating prefix chain script '/home/tf1/install/setup.sh'
[4.629s] INFO:colcon.colcon_core.shell:Creating prefix script '/home/tf1/install/local_setup.bash'
[4.637s] INFO:colcon.colcon_core.shell:Creating prefix chain script '/home/tf1/install/setup.bash'
[4.660s] INFO:colcon.colcon_core.shell:Creating prefix script '/home/tf1/install/local_setup.zsh'
[4.667s] INFO:colcon.colcon_core.shell:Creating prefix chain script '/home/tf1/install/setup.zsh'
