[0.208s] Invoking command in '/home/tf1/build/my_robot_description': CMAKE_PREFIX_PATH=${CMAKE_PREFIX_PATH}:/opt/ros/humble /usr/bin/cmake --build /home/tf1/build/my_robot_description -- -j8 -l8
[0.866s] Invoked command in '/home/tf1/build/my_robot_description' returned '0': CMAKE_PREFIX_PATH=${CMAKE_PREFIX_PATH}:/opt/ros/humble /usr/bin/cmake --build /home/tf1/build/my_robot_description -- -j8 -l8
[1.223s] Invoking command in '/home/tf1/build/my_robot_description': CMAKE_PREFIX_PATH=${CMAKE_PREFIX_PATH}:/opt/ros/humble /usr/bin/cmake --install /home/tf1/build/my_robot_description
[1.357s] -- Install configuration: ""
[1.375s] -- Up-to-date: /home/tf1/install/my_robot_description/share/my_robot_description//urdf
[1.413s] -- Up-to-date: /home/tf1/install/my_robot_description/share/my_robot_description//urdf/my_robot.urdf
[1.431s] -- Up-to-date: /home/tf1/install/my_robot_description/share/my_robot_description//launch
[1.478s] -- Installing: /home/tf1/install/my_robot_description/share/my_robot_description//launch/display.launch.py
[1.608s] -- Up-to-date: /home/tf1/install/my_robot_description/share/my_robot_description//launch/display.launch.xml
[1.630s] -- Up-to-date: /home/tf1/install/my_robot_description/share/my_robot_description//rviz
[1.668s] -- Up-to-date: /home/tf1/install/my_robot_description/share/my_robot_description//rviz/configuration.rviz
[1.717s] -- Up-to-date: /home/tf1/install/my_robot_description/share/ament_index/resource_index/package_run_dependencies/my_robot_description
[1.793s] -- Up-to-date: /home/tf1/install/my_robot_description/share/ament_index/resource_index/parent_prefix_path/my_robot_description
[1.829s] -- Up-to-date: /home/tf1/install/my_robot_description/share/my_robot_description/environment/ament_prefix_path.sh
[1.876s] -- Up-to-date: /home/tf1/install/my_robot_description/share/my_robot_description/environment/ament_prefix_path.dsv
[1.904s] -- Up-to-date: /home/tf1/install/my_robot_description/share/my_robot_description/environment/path.sh
[1.940s] -- Up-to-date: /home/tf1/install/my_robot_description/share/my_robot_description/environment/path.dsv
[1.977s] -- Up-to-date: /home/tf1/install/my_robot_description/share/my_robot_description/local_setup.bash
[2.011s] -- Up-to-date: /home/tf1/install/my_robot_description/share/my_robot_description/local_setup.sh
[2.045s] -- Up-to-date: /home/tf1/install/my_robot_description/share/my_robot_description/local_setup.zsh
[2.079s] -- Up-to-date: /home/tf1/install/my_robot_description/share/my_robot_description/local_setup.dsv
[2.118s] -- Installing: /home/tf1/install/my_robot_description/share/my_robot_description/package.dsv
[2.264s] -- Up-to-date: /home/tf1/install/my_robot_description/share/ament_index/resource_index/packages/my_robot_description
[2.303s] -- Up-to-date: /home/tf1/install/my_robot_description/share/my_robot_description/cmake/my_robot_descriptionConfig.cmake
[2.329s] -- Up-to-date: /home/tf1/install/my_robot_description/share/my_robot_description/cmake/my_robot_descriptionConfig-version.cmake
[2.367s] -- Up-to-date: /home/tf1/install/my_robot_description/share/my_robot_description/package.xml
[2.390s] Invoked command in '/home/tf1/build/my_robot_description' returned '0': CMAKE_PREFIX_PATH=${CMAKE_PREFIX_PATH}:/opt/ros/humble /usr/bin/cmake --install /home/tf1/build/my_robot_description
