-- Install configuration: ""
-- Execute custom install script
-- Symlinking: /home/tf1/install/my_robot_description/share/my_robot_description//urdf/common_properties.urdf.xacro
-- Symlinking: /home/tf1/install/my_robot_description/share/my_robot_description//urdf/mobile_base.urdf.xacro
-- Up-to-date symlink: /home/tf1/install/my_robot_description/share/my_robot_description//urdf/my_robot.urdf.xacro
-- Up-to-date symlink: /home/tf1/install/my_robot_description/share/my_robot_description//launch/display.launch.py
-- Up-to-date symlink: /home/tf1/install/my_robot_description/share/my_robot_description//launch/display.launch.xml
-- Up-to-date symlink: /home/tf1/install/my_robot_description/share/my_robot_description//rviz/configuration.rviz
-- Up-to-date symlink: /home/tf1/install/my_robot_description/share/ament_index/resource_index/package_run_dependencies/my_robot_description
-- Up-to-date symlink: /home/tf1/install/my_robot_description/share/ament_index/resource_index/parent_prefix_path/my_robot_description
-- Up-to-date symlink: /home/tf1/install/my_robot_description/share/my_robot_description/environment/ament_prefix_path.sh
-- Up-to-date symlink: /home/tf1/install/my_robot_description/share/my_robot_description/environment/ament_prefix_path.dsv
-- Up-to-date symlink: /home/tf1/install/my_robot_description/share/my_robot_description/environment/path.sh
-- Up-to-date symlink: /home/tf1/install/my_robot_description/share/my_robot_description/environment/path.dsv
-- Up-to-date symlink: /home/tf1/install/my_robot_description/share/my_robot_description/local_setup.bash
-- Up-to-date symlink: /home/tf1/install/my_robot_description/share/my_robot_description/local_setup.sh
-- Up-to-date symlink: /home/tf1/install/my_robot_description/share/my_robot_description/local_setup.zsh
-- Up-to-date symlink: /home/tf1/install/my_robot_description/share/my_robot_description/local_setup.dsv
-- Symlinking: /home/tf1/install/my_robot_description/share/my_robot_description/package.dsv
-- Up-to-date symlink: /home/tf1/install/my_robot_description/share/ament_index/resource_index/packages/my_robot_description
-- Up-to-date symlink: /home/tf1/install/my_robot_description/share/my_robot_description/cmake/my_robot_descriptionConfig.cmake
-- Up-to-date symlink: /home/tf1/install/my_robot_description/share/my_robot_description/cmake/my_robot_descriptionConfig-version.cmake
-- Up-to-date symlink: /home/tf1/install/my_robot_description/share/my_robot_description/package.xml
