[0.300s] Invoking command in '/home/tf1/build/my_robot_description': CMAKE_PREFIX_PATH=${CMAKE_PREFIX_PATH}:/opt/ros/humble /usr/bin/cmake --build /home/tf1/build/my_robot_description -- -j8 -l8
[1.931s] Invoked command in '/home/tf1/build/my_robot_description' returned '0': CMAKE_PREFIX_PATH=${CMAKE_PREFIX_PATH}:/opt/ros/humble /usr/bin/cmake --build /home/tf1/build/my_robot_description -- -j8 -l8
[2.493s] Invoking command in '/home/tf1/build/my_robot_description': CMAKE_PREFIX_PATH=${CMAKE_PREFIX_PATH}:/opt/ros/humble /usr/bin/cmake --install /home/tf1/build/my_robot_description
[2.718s] -- Install configuration: ""
[2.761s] -- Execute custom install script
[2.836s] -- Symlinking: /home/tf1/install/my_robot_description/share/my_robot_description//urdf/common_properties.urdf.xacro
[3.106s] -- Symlinking: /home/tf1/install/my_robot_description/share/my_robot_description//urdf/mobile_base.urdf.xacro
[3.411s] -- Up-to-date symlink: /home/tf1/install/my_robot_description/share/my_robot_description//urdf/my_robot.urdf.xacro
[3.523s] -- Up-to-date symlink: /home/tf1/install/my_robot_description/share/my_robot_description//launch/display.launch.py
[3.590s] -- Up-to-date symlink: /home/tf1/install/my_robot_description/share/my_robot_description//launch/display.launch.xml
[3.675s] -- Up-to-date symlink: /home/tf1/install/my_robot_description/share/my_robot_description//rviz/configuration.rviz
[3.806s] -- Up-to-date symlink: /home/tf1/install/my_robot_description/share/ament_index/resource_index/package_run_dependencies/my_robot_description
[3.912s] -- Up-to-date symlink: /home/tf1/install/my_robot_description/share/ament_index/resource_index/parent_prefix_path/my_robot_description
[3.955s] -- Up-to-date symlink: /home/tf1/install/my_robot_description/share/my_robot_description/environment/ament_prefix_path.sh
[4.010s] -- Up-to-date symlink: /home/tf1/install/my_robot_description/share/my_robot_description/environment/ament_prefix_path.dsv
[4.051s] -- Up-to-date symlink: /home/tf1/install/my_robot_description/share/my_robot_description/environment/path.sh
[4.106s] -- Up-to-date symlink: /home/tf1/install/my_robot_description/share/my_robot_description/environment/path.dsv
[4.149s] -- Up-to-date symlink: /home/tf1/install/my_robot_description/share/my_robot_description/local_setup.bash
[4.192s] -- Up-to-date symlink: /home/tf1/install/my_robot_description/share/my_robot_description/local_setup.sh
[4.242s] -- Up-to-date symlink: /home/tf1/install/my_robot_description/share/my_robot_description/local_setup.zsh
[4.289s] -- Up-to-date symlink: /home/tf1/install/my_robot_description/share/my_robot_description/local_setup.dsv
[4.313s] -- Symlinking: /home/tf1/install/my_robot_description/share/my_robot_description/package.dsv
[4.623s] -- Up-to-date symlink: /home/tf1/install/my_robot_description/share/ament_index/resource_index/packages/my_robot_description
[4.685s] -- Up-to-date symlink: /home/tf1/install/my_robot_description/share/my_robot_description/cmake/my_robot_descriptionConfig.cmake
[4.751s] -- Up-to-date symlink: /home/tf1/install/my_robot_description/share/my_robot_description/cmake/my_robot_descriptionConfig-version.cmake
[4.826s] -- Up-to-date symlink: /home/tf1/install/my_robot_description/share/my_robot_description/package.xml
[4.836s] Invoked command in '/home/tf1/build/my_robot_description' returned '0': CMAKE_PREFIX_PATH=${CMAKE_PREFIX_PATH}:/opt/ros/humble /usr/bin/cmake --install /home/tf1/build/my_robot_description
