[0.209s] DEBUG:colcon:Command line arguments: ['/usr/bin/colcon', 'build']
[0.210s] DEBUG:colcon:Parsed command line arguments: Namespace(log_base=None, log_level=None, verb_name='build', build_base='build', install_base='install', merge_install=False, symlink_install=False, test_result_base=None, continue_on_error=False, executor='parallel', parallel_workers=8, event_handlers=None, ignore_user_meta=False, metas=['./colcon.meta'], base_paths=['.'], packages_ignore=None, packages_ignore_regex=None, paths=None, packages_up_to=None, packages_up_to_regex=None, packages_above=None, packages_above_and_dependencies=None, packages_above_depth=None, packages_select_by_dep=None, packages_skip_by_dep=None, packages_skip_up_to=None, packages_select_build_failed=False, packages_skip_build_finished=False, packages_select_test_failures=False, packages_skip_test_passed=False, packages_select=None, packages_skip=None, packages_select_regex=None, packages_skip_regex=None, packages_start=None, packages_end=None, cmake_args=None, cmake_target=None, cmake_target_skip_unavailable=False, cmake_clean_cache=False, cmake_clean_first=False, cmake_force_configure=False, ament_cmake_args=None, catkin_cmake_args=None, catkin_skip_building_tests=False, mixin_files=None, mixin=None, verb_parser=<colcon_mixin.mixin.mixin_argument.MixinArgumentDecorator object at 0x7f009283c9d0>, verb_extension=<colcon_core.verb.build.BuildVerb object at 0x7f009283c520>, main=<bound method BuildVerb.main of <colcon_core.verb.build.BuildVerb object at 0x7f009283c520>>, mixin_verb=('build',))
[0.393s] Level 1:colcon.colcon_core.package_discovery:discover_packages(colcon_meta) check parameters
[0.394s] Level 1:colcon.colcon_core.package_discovery:discover_packages(recursive) check parameters
[0.395s] Level 1:colcon.colcon_core.package_discovery:discover_packages(ignore) check parameters
[0.395s] Level 1:colcon.colcon_core.package_discovery:discover_packages(path) check parameters
[0.395s] Level 1:colcon.colcon_core.package_discovery:discover_packages(colcon_meta) discover
[0.396s] Level 1:colcon.colcon_core.package_discovery:discover_packages(recursive) discover
[0.396s] INFO:colcon.colcon_core.package_discovery:Crawling recursively for packages in '/home/tf1'
[0.399s] Level 1:colcon.colcon_core.package_identification:_identify(.) by extensions ['ignore', 'ignore_ament_install']
[0.399s] Level 1:colcon.colcon_core.package_identification:_identify(.) by extension 'ignore'
[0.400s] Level 1:colcon.colcon_core.package_identification:_identify(.) by extension 'ignore_ament_install'
[0.401s] Level 1:colcon.colcon_core.package_identification:_identify(.) by extensions ['colcon_pkg']
[0.402s] Level 1:colcon.colcon_core.package_identification:_identify(.) by extension 'colcon_pkg'
[0.403s] Level 1:colcon.colcon_core.package_identification:_identify(.) by extensions ['colcon_meta']
[0.403s] Level 1:colcon.colcon_core.package_identification:_identify(.) by extension 'colcon_meta'
[0.403s] Level 1:colcon.colcon_core.package_identification:_identify(.) by extensions ['ros']
[0.404s] Level 1:colcon.colcon_core.package_identification:_identify(.) by extension 'ros'
[0.420s] Level 1:colcon.colcon_core.package_identification:_identify(.) by extensions ['cmake', 'python']
[0.421s] Level 1:colcon.colcon_core.package_identification:_identify(.) by extension 'cmake'
[0.421s] Level 1:colcon.colcon_core.package_identification:_identify(.) by extension 'python'
[0.422s] Level 1:colcon.colcon_core.package_identification:_identify(.) by extensions ['python_setup_py']
[0.422s] Level 1:colcon.colcon_core.package_identification:_identify(.) by extension 'python_setup_py'
[0.427s] Level 1:colcon.colcon_core.package_identification:_identify(build) by extensions ['ignore', 'ignore_ament_install']
[0.428s] Level 1:colcon.colcon_core.package_identification:_identify(build) by extension 'ignore'
[0.430s] Level 1:colcon.colcon_core.package_identification:_identify(build) ignored
[0.434s] Level 1:colcon.colcon_core.package_identification:_identify(install) by extensions ['ignore', 'ignore_ament_install']
[0.435s] Level 1:colcon.colcon_core.package_identification:_identify(install) by extension 'ignore'
[0.436s] Level 1:colcon.colcon_core.package_identification:_identify(install) ignored
[0.445s] Level 1:colcon.colcon_core.package_identification:_identify(log) by extensions ['ignore', 'ignore_ament_install']
[0.445s] Level 1:colcon.colcon_core.package_identification:_identify(log) by extension 'ignore'
[0.446s] Level 1:colcon.colcon_core.package_identification:_identify(log) ignored
[0.451s] Level 1:colcon.colcon_core.package_identification:_identify(src) by extensions ['ignore', 'ignore_ament_install']
[0.451s] Level 1:colcon.colcon_core.package_identification:_identify(src) by extension 'ignore'
[0.452s] Level 1:colcon.colcon_core.package_identification:_identify(src) by extension 'ignore_ament_install'
[0.454s] Level 1:colcon.colcon_core.package_identification:_identify(src) by extensions ['colcon_pkg']
[0.455s] Level 1:colcon.colcon_core.package_identification:_identify(src) by extension 'colcon_pkg'
[0.456s] Level 1:colcon.colcon_core.package_identification:_identify(src) by extensions ['colcon_meta']
[0.457s] Level 1:colcon.colcon_core.package_identification:_identify(src) by extension 'colcon_meta'
[0.458s] Level 1:colcon.colcon_core.package_identification:_identify(src) by extensions ['ros']
[0.458s] Level 1:colcon.colcon_core.package_identification:_identify(src) by extension 'ros'
[0.463s] Level 1:colcon.colcon_core.package_identification:_identify(src) by extensions ['cmake', 'python']
[0.464s] Level 1:colcon.colcon_core.package_identification:_identify(src) by extension 'cmake'
[0.465s] Level 1:colcon.colcon_core.package_identification:_identify(src) by extension 'python'
[0.466s] Level 1:colcon.colcon_core.package_identification:_identify(src) by extensions ['python_setup_py']
[0.467s] Level 1:colcon.colcon_core.package_identification:_identify(src) by extension 'python_setup_py'
[0.473s] Level 1:colcon.colcon_core.package_identification:_identify(src/my_robot_description) by extensions ['ignore', 'ignore_ament_install']
[0.474s] Level 1:colcon.colcon_core.package_identification:_identify(src/my_robot_description) by extension 'ignore'
[0.476s] Level 1:colcon.colcon_core.package_identification:_identify(src/my_robot_description) by extension 'ignore_ament_install'
[0.479s] Level 1:colcon.colcon_core.package_identification:_identify(src/my_robot_description) by extensions ['colcon_pkg']
[0.479s] Level 1:colcon.colcon_core.package_identification:_identify(src/my_robot_description) by extension 'colcon_pkg'
[0.481s] Level 1:colcon.colcon_core.package_identification:_identify(src/my_robot_description) by extensions ['colcon_meta']
[0.482s] Level 1:colcon.colcon_core.package_identification:_identify(src/my_robot_description) by extension 'colcon_meta'
[0.484s] Level 1:colcon.colcon_core.package_identification:_identify(src/my_robot_description) by extensions ['ros']
[0.485s] Level 1:colcon.colcon_core.package_identification:_identify(src/my_robot_description) by extension 'ros'
[0.507s] DEBUG:colcon.colcon_core.package_identification:Package 'src/my_robot_description' with type 'ros.ament_cmake' and name 'my_robot_description'
[0.507s] Level 1:colcon.colcon_core.package_discovery:discover_packages(recursive) using defaults
[0.508s] Level 1:colcon.colcon_core.package_discovery:discover_packages(ignore) discover
[0.508s] Level 1:colcon.colcon_core.package_discovery:discover_packages(ignore) using defaults
[0.509s] Level 1:colcon.colcon_core.package_discovery:discover_packages(path) discover
[0.509s] Level 1:colcon.colcon_core.package_discovery:discover_packages(path) using defaults
[0.544s] Level 5:colcon.colcon_core.verb:set package 'my_robot_description' build argument 'cmake_args' from command line to 'None'
[0.545s] Level 5:colcon.colcon_core.verb:set package 'my_robot_description' build argument 'cmake_target' from command line to 'None'
[0.545s] Level 5:colcon.colcon_core.verb:set package 'my_robot_description' build argument 'cmake_target_skip_unavailable' from command line to 'False'
[0.546s] Level 5:colcon.colcon_core.verb:set package 'my_robot_description' build argument 'cmake_clean_cache' from command line to 'False'
[0.546s] Level 5:colcon.colcon_core.verb:set package 'my_robot_description' build argument 'cmake_clean_first' from command line to 'False'
[0.546s] Level 5:colcon.colcon_core.verb:set package 'my_robot_description' build argument 'cmake_force_configure' from command line to 'False'
[0.547s] Level 5:colcon.colcon_core.verb:set package 'my_robot_description' build argument 'ament_cmake_args' from command line to 'None'
[0.547s] Level 5:colcon.colcon_core.verb:set package 'my_robot_description' build argument 'catkin_cmake_args' from command line to 'None'
[0.547s] Level 5:colcon.colcon_core.verb:set package 'my_robot_description' build argument 'catkin_skip_building_tests' from command line to 'False'
[0.548s] DEBUG:colcon.colcon_core.verb:Building package 'my_robot_description' with the following arguments: {'ament_cmake_args': None, 'build_base': '/home/tf1/build/my_robot_description', 'catkin_cmake_args': None, 'catkin_skip_building_tests': False, 'cmake_args': None, 'cmake_clean_cache': False, 'cmake_clean_first': False, 'cmake_force_configure': False, 'cmake_target': None, 'cmake_target_skip_unavailable': False, 'install_base': '/home/tf1/install/my_robot_description', 'merge_install': False, 'path': '/home/tf1/src/my_robot_description', 'symlink_install': False, 'test_result_base': None}
[0.548s] INFO:colcon.colcon_core.executor:Executing jobs using 'parallel' executor
[0.550s] DEBUG:colcon.colcon_parallel_executor.executor.parallel:run_until_complete
[0.551s] INFO:colcon.colcon_ros.task.ament_cmake.build:Building ROS package in '/home/tf1/src/my_robot_description' with build type 'ament_cmake'
[0.552s] INFO:colcon.colcon_cmake.task.cmake.build:Building CMake package in '/home/tf1/src/my_robot_description'
[0.554s] INFO:colcon.colcon_core.plugin_system:Skipping extension 'colcon_core.shell.bat': Not used on non-Windows systems
[0.555s] INFO:colcon.colcon_core.shell:Skip shell extension 'powershell' for command environment: Not usable outside of PowerShell
[0.555s] DEBUG:colcon.colcon_core.shell:Skip shell extension 'dsv' for command environment
[0.732s] DEBUG:colcon.colcon_core.event_handler.log_command:Invoking command in '/home/tf1/build/my_robot_description': CMAKE_PREFIX_PATH=${CMAKE_PREFIX_PATH}:/opt/ros/humble /usr/bin/cmake --build /home/tf1/build/my_robot_description -- -j8 -l8
[1.456s] DEBUG:colcon.colcon_core.event_handler.log_command:Invoked command in '/home/tf1/build/my_robot_description' returned '0': CMAKE_PREFIX_PATH=${CMAKE_PREFIX_PATH}:/opt/ros/humble /usr/bin/cmake --build /home/tf1/build/my_robot_description -- -j8 -l8
[1.941s] DEBUG:colcon.colcon_core.event_handler.log_command:Invoking command in '/home/tf1/build/my_robot_description': CMAKE_PREFIX_PATH=${CMAKE_PREFIX_PATH}:/opt/ros/humble /usr/bin/cmake --install /home/tf1/build/my_robot_description
[3.281s] Level 1:colcon.colcon_core.environment:create_environment_scripts_only(my_robot_description)
[3.282s] DEBUG:colcon.colcon_core.event_handler.log_command:Invoked command in '/home/tf1/build/my_robot_description' returned '0': CMAKE_PREFIX_PATH=${CMAKE_PREFIX_PATH}:/opt/ros/humble /usr/bin/cmake --install /home/tf1/build/my_robot_description
[3.286s] Level 1:colcon.colcon_core.environment:checking '/home/tf1/install/my_robot_description' for CMake module files
[3.411s] Level 1:colcon.colcon_core.environment:checking '/home/tf1/install/my_robot_description' for CMake config files
[3.492s] Level 1:colcon.colcon_core.shell:create_environment_hook('my_robot_description', 'cmake_prefix_path')
[3.493s] INFO:colcon.colcon_core.shell:Creating environment hook '/home/tf1/install/my_robot_description/share/my_robot_description/hook/cmake_prefix_path.ps1'
[3.514s] INFO:colcon.colcon_core.shell:Creating environment descriptor '/home/tf1/install/my_robot_description/share/my_robot_description/hook/cmake_prefix_path.dsv'
[3.535s] INFO:colcon.colcon_core.shell:Creating environment hook '/home/tf1/install/my_robot_description/share/my_robot_description/hook/cmake_prefix_path.sh'
[3.558s] Level 1:colcon.colcon_core.environment:checking '/home/tf1/install/my_robot_description/bin'
[3.561s] Level 1:colcon.colcon_core.environment:checking '/home/tf1/install/my_robot_description/lib/pkgconfig/my_robot_description.pc'
[3.564s] Level 1:colcon.colcon_core.environment:checking '/home/tf1/install/my_robot_description/lib/python3.10/site-packages'
[3.566s] Level 1:colcon.colcon_core.environment:checking '/home/tf1/install/my_robot_description/bin'
[3.569s] INFO:colcon.colcon_core.shell:Creating package script '/home/tf1/install/my_robot_description/share/my_robot_description/package.ps1'
[3.588s] INFO:colcon.colcon_core.shell:Creating package descriptor '/home/tf1/install/my_robot_description/share/my_robot_description/package.dsv'
[3.610s] INFO:colcon.colcon_core.shell:Creating package script '/home/tf1/install/my_robot_description/share/my_robot_description/package.sh'
[3.630s] INFO:colcon.colcon_core.shell:Creating package script '/home/tf1/install/my_robot_description/share/my_robot_description/package.bash'
[3.652s] INFO:colcon.colcon_core.shell:Creating package script '/home/tf1/install/my_robot_description/share/my_robot_description/package.zsh'
[3.672s] Level 1:colcon.colcon_core.environment:create_file_with_runtime_dependencies(/home/tf1/install/my_robot_description/share/colcon-core/packages/my_robot_description)
[3.906s] Level 1:colcon.colcon_core.environment:create_environment_scripts_only(my_robot_description)
[3.907s] Level 1:colcon.colcon_core.environment:checking '/home/tf1/install/my_robot_description' for CMake module files
[4.054s] Level 1:colcon.colcon_core.environment:checking '/home/tf1/install/my_robot_description' for CMake config files
[4.168s] Level 1:colcon.colcon_core.shell:create_environment_hook('my_robot_description', 'cmake_prefix_path')
[4.169s] INFO:colcon.colcon_core.shell:Creating environment hook '/home/tf1/install/my_robot_description/share/my_robot_description/hook/cmake_prefix_path.ps1'
[4.202s] INFO:colcon.colcon_core.shell:Creating environment descriptor '/home/tf1/install/my_robot_description/share/my_robot_description/hook/cmake_prefix_path.dsv'
[4.230s] INFO:colcon.colcon_core.shell:Creating environment hook '/home/tf1/install/my_robot_description/share/my_robot_description/hook/cmake_prefix_path.sh'
[4.265s] Level 1:colcon.colcon_core.environment:checking '/home/tf1/install/my_robot_description/bin'
[4.267s] Level 1:colcon.colcon_core.environment:checking '/home/tf1/install/my_robot_description/lib/pkgconfig/my_robot_description.pc'
[4.270s] Level 1:colcon.colcon_core.environment:checking '/home/tf1/install/my_robot_description/lib/python3.10/site-packages'
[4.273s] Level 1:colcon.colcon_core.environment:checking '/home/tf1/install/my_robot_description/bin'
[4.276s] INFO:colcon.colcon_core.shell:Creating package script '/home/tf1/install/my_robot_description/share/my_robot_description/package.ps1'
[4.305s] INFO:colcon.colcon_core.shell:Creating package descriptor '/home/tf1/install/my_robot_description/share/my_robot_description/package.dsv'
[4.330s] INFO:colcon.colcon_core.shell:Creating package script '/home/tf1/install/my_robot_description/share/my_robot_description/package.sh'
[4.355s] INFO:colcon.colcon_core.shell:Creating package script '/home/tf1/install/my_robot_description/share/my_robot_description/package.bash'
[4.379s] INFO:colcon.colcon_core.shell:Creating package script '/home/tf1/install/my_robot_description/share/my_robot_description/package.zsh'
[4.405s] Level 1:colcon.colcon_core.environment:create_file_with_runtime_dependencies(/home/tf1/install/my_robot_description/share/colcon-core/packages/my_robot_description)
[4.423s] DEBUG:colcon.colcon_parallel_executor.executor.parallel:closing loop
[4.424s] DEBUG:colcon.colcon_parallel_executor.executor.parallel:loop closed
[4.424s] DEBUG:colcon.colcon_parallel_executor.executor.parallel:run_until_complete finished with '0'
[4.425s] DEBUG:colcon.colcon_core.event_reactor:joining thread
[4.482s] INFO:colcon.colcon_core.plugin_system:Skipping extension 'colcon_notification.desktop_notification.notify_send': Could not find 'notify-send'
[4.483s] INFO:colcon.colcon_core.plugin_system:Skipping extension 'colcon_notification.desktop_notification.terminal_notifier': Not used on non-Darwin systems
[4.483s] INFO:colcon.colcon_core.plugin_system:Skipping extension 'colcon_notification.desktop_notification.win32': Not used on non-Windows systems
[4.484s] INFO:colcon.colcon_notification.desktop_notification:Sending desktop notification using 'notify2'
[4.493s] DEBUG:colcon.colcon_notification.desktop_notification.notify2:Failed to initialize notify2: org.freedesktop.DBus.Error.Spawn.ExecFailed: /usr/bin/dbus-launch terminated abnormally without any error message
[4.495s] DEBUG:colcon.colcon_core.event_reactor:joined thread
[4.497s] INFO:colcon.colcon_core.shell:Creating prefix script '/home/tf1/install/local_setup.ps1'
[4.513s] INFO:colcon.colcon_core.shell:Creating prefix util module '/home/tf1/install/_local_setup_util_ps1.py'
[4.531s] INFO:colcon.colcon_core.shell:Creating prefix chain script '/home/tf1/install/setup.ps1'
[4.576s] INFO:colcon.colcon_core.shell:Creating prefix script '/home/tf1/install/local_setup.sh'
[4.590s] INFO:colcon.colcon_core.shell:Creating prefix util module '/home/tf1/install/_local_setup_util_sh.py'
[4.602s] INFO:colcon.colcon_core.shell:Creating prefix chain script '/home/tf1/install/setup.sh'
[4.645s] INFO:colcon.colcon_core.shell:Creating prefix script '/home/tf1/install/local_setup.bash'
[4.662s] INFO:colcon.colcon_core.shell:Creating prefix chain script '/home/tf1/install/setup.bash'
[4.703s] INFO:colcon.colcon_core.shell:Creating prefix script '/home/tf1/install/local_setup.zsh'
[4.716s] INFO:colcon.colcon_core.shell:Creating prefix chain script '/home/tf1/install/setup.zsh'
