[0.229s] Invoking command in '/home/tf1/build/my_robot_description': CMAKE_PREFIX_PATH=/opt/ros/humble /usr/bin/cmake /home/tf1/src/my_robot_description -DCMAKE_INSTALL_PREFIX=/home/tf1/install/my_robot_description
[1.342s] -- The C compiler identification is GNU 11.4.0
[2.008s] -- The CXX compiler identification is GNU 11.4.0
[2.127s] -- Detecting C compiler ABI info
[3.496s] -- Detecting C compiler ABI info - done
[3.540s] -- Check for working C compiler: /usr/bin/cc - skipped
[3.543s] -- Detecting C compile features
[3.545s] -- Detecting C compile features - done
[3.651s] -- Detecting CXX compiler ABI info
[4.943s] -- Detecting CXX compiler ABI info - done
[4.988s] -- Check for working CXX compiler: /usr/bin/c++ - skipped
[4.991s] -- Detecting CXX compile features
[5.001s] -- Detecting CXX compile features - done
[5.122s] -- Found ament_cmake: 1.3.10 (/opt/ros/humble/share/ament_cmake/cmake)
[5.455s] -- Found Python3: /usr/bin/python3 (found version "3.10.12") found components: Interpreter 
[6.602s] -- Configuring done
[7.133s] -- Generating done
[7.251s] -- Build files have been written to: /home/tf1/build/my_robot_description
[7.258s] Invoked command in '/home/tf1/build/my_robot_description' returned '0': CMAKE_PREFIX_PATH=/opt/ros/humble /usr/bin/cmake /home/tf1/src/my_robot_description -DCMAKE_INSTALL_PREFIX=/home/tf1/install/my_robot_description
[7.281s] Invoking command in '/home/tf1/build/my_robot_description': CMAKE_PREFIX_PATH=/opt/ros/humble /usr/bin/cmake --build /home/tf1/build/my_robot_description -- -j8 -l8
[8.053s] Invoked command in '/home/tf1/build/my_robot_description' returned '0': CMAKE_PREFIX_PATH=/opt/ros/humble /usr/bin/cmake --build /home/tf1/build/my_robot_description -- -j8 -l8
[8.423s] Invoking command in '/home/tf1/build/my_robot_description': CMAKE_PREFIX_PATH=/opt/ros/humble /usr/bin/cmake --install /home/tf1/build/my_robot_description
[8.567s] -- Install configuration: ""
[8.578s] -- Installing: /home/tf1/install/my_robot_description/share/my_robot_description//urdf
[8.631s] -- Installing: /home/tf1/install/my_robot_description/share/my_robot_description//urdf/my_robot.urdf
[8.797s] -- Installing: /home/tf1/install/my_robot_description/share/ament_index/resource_index/package_run_dependencies/my_robot_description
[8.978s] -- Installing: /home/tf1/install/my_robot_description/share/ament_index/resource_index/parent_prefix_path/my_robot_description
[9.155s] -- Installing: /home/tf1/install/my_robot_description/share/my_robot_description/environment/ament_prefix_path.sh
[9.300s] -- Installing: /home/tf1/install/my_robot_description/share/my_robot_description/environment/ament_prefix_path.dsv
[9.450s] -- Installing: /home/tf1/install/my_robot_description/share/my_robot_description/environment/path.sh
[9.578s] -- Installing: /home/tf1/install/my_robot_description/share/my_robot_description/environment/path.dsv
[9.739s] -- Installing: /home/tf1/install/my_robot_description/share/my_robot_description/local_setup.bash
[9.885s] -- Installing: /home/tf1/install/my_robot_description/share/my_robot_description/local_setup.sh
[10.027s] -- Installing: /home/tf1/install/my_robot_description/share/my_robot_description/local_setup.zsh
[10.154s] -- Installing: /home/tf1/install/my_robot_description/share/my_robot_description/local_setup.dsv
[10.264s] -- Installing: /home/tf1/install/my_robot_description/share/my_robot_description/package.dsv
[10.400s] -- Installing: /home/tf1/install/my_robot_description/share/ament_index/resource_index/packages/my_robot_description
[10.538s] -- Installing: /home/tf1/install/my_robot_description/share/my_robot_description/cmake/my_robot_descriptionConfig.cmake
[10.629s] -- Installing: /home/tf1/install/my_robot_description/share/my_robot_description/cmake/my_robot_descriptionConfig-version.cmake
[10.727s] -- Installing: /home/tf1/install/my_robot_description/share/my_robot_description/package.xml
[10.810s] Invoked command in '/home/tf1/build/my_robot_description' returned '0': CMAKE_PREFIX_PATH=/opt/ros/humble /usr/bin/cmake --install /home/tf1/build/my_robot_description
