[0.163s] Invoking command in '/home/tf1/build/my_robot_description': CMAKE_PREFIX_PATH=${CMAKE_PREFIX_PATH}:/opt/ros/humble /usr/bin/cmake --build /home/tf1/build/my_robot_description -- -j8 -l8
[0.859s] Invoked command in '/home/tf1/build/my_robot_description' returned '0': CMAKE_PREFIX_PATH=${CMAKE_PREFIX_PATH}:/opt/ros/humble /usr/bin/cmake --build /home/tf1/build/my_robot_description -- -j8 -l8
[1.314s] Invoking command in '/home/tf1/build/my_robot_description': CMAKE_PREFIX_PATH=${CMAKE_PREFIX_PATH}:/opt/ros/humble /usr/bin/cmake --install /home/tf1/build/my_robot_description
[1.528s] -- Install configuration: ""
[1.546s] -- Up-to-date: /home/tf1/install/my_robot_description/share/my_robot_description//urdf
[1.593s] -- Up-to-date: /home/tf1/install/my_robot_description/share/my_robot_description//urdf/my_robot.urdf
[1.624s] -- Up-to-date: /home/tf1/install/my_robot_description/share/my_robot_description//launch
[1.679s] -- Up-to-date: /home/tf1/install/my_robot_description/share/my_robot_description//launch/display.launch.py
[1.715s] -- Installing: /home/tf1/install/my_robot_description/share/my_robot_description//launch/display.launch.xml
[1.885s] -- Up-to-date: /home/tf1/install/my_robot_description/share/my_robot_description//rviz
[1.944s] -- Up-to-date: /home/tf1/install/my_robot_description/share/my_robot_description//rviz/configuration.rviz
[2.016s] -- Up-to-date: /home/tf1/install/my_robot_description/share/ament_index/resource_index/package_run_dependencies/my_robot_description
[2.090s] -- Up-to-date: /home/tf1/install/my_robot_description/share/ament_index/resource_index/parent_prefix_path/my_robot_description
[2.126s] -- Up-to-date: /home/tf1/install/my_robot_description/share/my_robot_description/environment/ament_prefix_path.sh
[2.172s] -- Up-to-date: /home/tf1/install/my_robot_description/share/my_robot_description/environment/ament_prefix_path.dsv
[2.207s] -- Up-to-date: /home/tf1/install/my_robot_description/share/my_robot_description/environment/path.sh
[2.251s] -- Up-to-date: /home/tf1/install/my_robot_description/share/my_robot_description/environment/path.dsv
[2.290s] -- Up-to-date: /home/tf1/install/my_robot_description/share/my_robot_description/local_setup.bash
[2.325s] -- Up-to-date: /home/tf1/install/my_robot_description/share/my_robot_description/local_setup.sh
[2.364s] -- Up-to-date: /home/tf1/install/my_robot_description/share/my_robot_description/local_setup.zsh
[2.400s] -- Up-to-date: /home/tf1/install/my_robot_description/share/my_robot_description/local_setup.dsv
[2.434s] -- Installing: /home/tf1/install/my_robot_description/share/my_robot_description/package.dsv
[2.562s] -- Up-to-date: /home/tf1/install/my_robot_description/share/ament_index/resource_index/packages/my_robot_description
[2.608s] -- Up-to-date: /home/tf1/install/my_robot_description/share/my_robot_description/cmake/my_robot_descriptionConfig.cmake
[2.644s] -- Up-to-date: /home/tf1/install/my_robot_description/share/my_robot_description/cmake/my_robot_descriptionConfig-version.cmake
[2.684s] -- Up-to-date: /home/tf1/install/my_robot_description/share/my_robot_description/package.xml
[2.702s] Invoked command in '/home/tf1/build/my_robot_description' returned '0': CMAKE_PREFIX_PATH=${CMAKE_PREFIX_PATH}:/opt/ros/humble /usr/bin/cmake --install /home/tf1/build/my_robot_description
